#
# A fatal error has been detected by the Java Runtime Environment:
#
#  Internal Error (generateOopMap.cpp:2164), pid=20800, tid=1284
#  fatal error: Illegal class file encountered. Try running with -Xverify:all in method getCategoriaByName
#
# JRE version: OpenJDK Runtime Environment (16.0.1+9) (build 16.0.1+9-24)
# Java VM: OpenJDK 64-Bit Server VM (16.0.1+9-24, mixed mode, tiered, compressed oops, compressed class ptrs, g1 gc, windows-amd64)
# No core dump will be written. Minidumps are not enabled by default on client versions of Windows
#
# If you would like to submit a bug report, please visit:
#   https://bugreport.java.com/bugreport/crash.jsp
#

---------------  S U M M A R Y ------------

Command Line: -XX:+ShowCodeDetailsInExceptionMessages -agentlib:jdwp=transport=dt_socket,suspend=y,address=localhost:57469 -ea -javaagent:C:\Users\Diego\eclipse\jee-2021-06\eclipse\configuration\org.eclipse.osgi\1157\0\.cp\lib\javaagent-shaded.jar -Dfile.encoding=UTF-8 org.eclipse.jdt.internal.junit.runner.RemoteTestRunner -version 3 -port 57468 -testLoaderClass org.eclipse.jdt.internal.junit4.runner.JUnit4TestLoader -loaderpluginname org.eclipse.jdt.junit4.runtime -test lagigante.CategoriaTest:test

Host: AMD Ryzen 5 2600X Six-Core Processor           , 12 cores, 23G,  Windows 10 , 64 bit Build 19041 (10.0.19041.1645)
Time: Tue May 10 05:32:00 2022 Hora estándar de Argentina elapsed time: 545.339504 seconds (0d 0h 9m 5s)

---------------  T H R E A D  ---------------

Current thread (0x0000016fa8b4faf0):  VMThread "VM Thread" [stack: 0x0000004671d00000,0x0000004671e00000] [id=1284]

Stack: [0x0000004671d00000,0x0000004671e00000]
Native frames: (J=compiled Java code, j=interpreted, Vv=VM code, C=native code)
V  [jvm.dll+0x6687ca]
V  [jvm.dll+0x7ca3c9]
V  [jvm.dll+0x7cbb53]
V  [jvm.dll+0x7cc167]
V  [jvm.dll+0x242c03]
V  [jvm.dll+0x3312e9]
V  [jvm.dll+0x32d794]
V  [jvm.dll+0x32f6cb]
V  [jvm.dll+0x32fd1e]
V  [jvm.dll+0x32d39f]
V  [jvm.dll+0x32c627]
V  [jvm.dll+0x6572ce]
V  [jvm.dll+0x656fd3]
V  [jvm.dll+0x61c848]
V  [jvm.dll+0x7c1e55]
V  [jvm.dll+0x520b76]
V  [jvm.dll+0x7d05eb]
V  [jvm.dll+0x7d12e4]
V  [jvm.dll+0x7d17e9]
V  [jvm.dll+0x7d1aa4]
V  [jvm.dll+0x7d1b70]
V  [jvm.dll+0x779b4a]
V  [jvm.dll+0x667666]
C  [ucrtbase.dll+0x21bb2]
C  [KERNEL32.DLL+0x17034]
C  [ntdll.dll+0x52651]

VM_Operation (0x00000046728ff910): get/set locals, mode: safepoint, requested by thread 0x0000016fa9770de0


---------------  P R O C E S S  ---------------

Threads class SMR info:
_java_thread_list=0x0000016faa1535d0, length=16, elements={
0x0000016f85062060, 0x0000016fa8b56db0, 0x0000016fa8b57b80, 0x0000016fa9442010,
0x0000016fa9442920, 0x0000016fa94439d0, 0x0000016fa9445090, 0x0000016fa944a110,
0x0000016fa944d230, 0x0000016fa9461b90, 0x0000016fa9607760, 0x0000016fa9770de0,
0x0000016fa9772ed0, 0x0000016fa9773e20, 0x0000016fa9606cc0, 0x0000016fa9608200
}

Java Threads: ( => current thread )
  0x0000016f85062060 JavaThread "main" [_thread_blocked, id=24964, stack(0x0000004671700000,0x0000004671800000)]
  0x0000016fa8b56db0 JavaThread "Reference Handler" daemon [_thread_blocked, id=21980, stack(0x0000004671e00000,0x0000004671f00000)]
  0x0000016fa8b57b80 JavaThread "Finalizer" daemon [_thread_blocked, id=6124, stack(0x0000004671f00000,0x0000004672000000)]
  0x0000016fa9442010 JavaThread "Signal Dispatcher" daemon [_thread_blocked, id=18308, stack(0x0000004672000000,0x0000004672100000)]
  0x0000016fa9442920 JavaThread "Attach Listener" daemon [_thread_blocked, id=12464, stack(0x0000004672100000,0x0000004672200000)]
  0x0000016fa94439d0 JavaThread "Service Thread" daemon [_thread_blocked, id=22848, stack(0x0000004672200000,0x0000004672300000)]
  0x0000016fa9445090 JavaThread "Monitor Deflation Thread" daemon [_thread_blocked, id=19068, stack(0x0000004672300000,0x0000004672400000)]
  0x0000016fa944a110 JavaThread "C2 CompilerThread0" daemon [_thread_blocked, id=11684, stack(0x0000004672400000,0x0000004672500000)]
  0x0000016fa944d230 JavaThread "C1 CompilerThread0" daemon [_thread_blocked, id=18768, stack(0x0000004672500000,0x0000004672600000)]
  0x0000016fa9461b90 JavaThread "Sweeper thread" daemon [_thread_blocked, id=24760, stack(0x0000004672600000,0x0000004672700000)]
  0x0000016fa9607760 JavaThread "Common-Cleaner" daemon [_thread_blocked, id=23372, stack(0x0000004672700000,0x0000004672800000)]
  0x0000016fa9770de0 JavaThread "JDWP Transport Listener: dt_socket" daemon [_thread_blocked, id=17068, stack(0x0000004672800000,0x0000004672900000)]
  0x0000016fa9772ed0 JavaThread "JDWP Event Helper Thread" daemon [_thread_blocked, id=19544, stack(0x0000004672900000,0x0000004672a00000)]
  0x0000016fa9773e20 JavaThread "JDWP Command Reader" daemon [_thread_in_native, id=9648, stack(0x0000004672a00000,0x0000004672b00000)]
  0x0000016fa9606cc0 JavaThread "Notification Thread" daemon [_thread_blocked, id=20980, stack(0x0000004672b00000,0x0000004672c00000)]
  0x0000016fa9608200 JavaThread "ReaderThread" [_thread_in_native, id=9580, stack(0x0000004672e00000,0x0000004672f00000)]

Other Threads:
=>0x0000016fa8b4faf0 VMThread "VM Thread" [stack: 0x0000004671d00000,0x0000004671e00000] [id=1284]
  0x0000016f85062d10 WatcherThread [stack: 0x0000004672c00000,0x0000004672d00000] [id=26640]
  0x0000016f850c3290 GCTaskThread "GC Thread#0" [stack: 0x0000004671800000,0x0000004671900000] [id=1592]
  0x0000016f850d1920 ConcurrentGCThread "G1 Main Marker" [stack: 0x0000004671900000,0x0000004671a00000] [id=8376]
  0x0000016f850d22a0 ConcurrentGCThread "G1 Conc#0" [stack: 0x0000004671a00000,0x0000004671b00000] [id=8148]
  0x0000016f85128bf0 ConcurrentGCThread "G1 Refine#0" [stack: 0x0000004671b00000,0x0000004671c00000] [id=24428]
  0x0000016fa89d2710 ConcurrentGCThread "G1 Service" [stack: 0x0000004671c00000,0x0000004671d00000] [id=13760]

Threads with active compile tasks:

VM state: at safepoint (normal execution)

VM Mutex/Monitor currently owned by a thread:  ([mutex/lock_event])
[0x0000016f8505db00] Threads_lock - owner thread: 0x0000016fa8b4faf0

Heap address: 0x0000000680c00000, size: 6132 MB, Compressed Oops mode: Zero based, Oop shift amount: 3

CDS disabled.
Compressed class space mapped at: 0x0000000800000000-0x0000000840000000, reserved size: 1073741824
Narrow klass base: 0x0000000800000000, Narrow klass shift: 0, Narrow klass range: 0x40000000

GC Precious Log:
 CPUs: 12 total, 12 available
 Memory: 24526M
 Large Page Support: Disabled
 NUMA Support: Disabled
 Compressed Oops: Enabled (Zero based)
 Heap Region Size: 4M
 Heap Min Capacity: 8M
 Heap Initial Capacity: 384M
 Heap Max Capacity: 6132M
 Pre-touch: Disabled
 Parallel Workers: 10
 Concurrent Workers: 3
 Concurrent Refinement Workers: 10
 Periodic GC: Disabled

Heap:
 garbage-first heap   total 393216K, used 12288K [0x0000000680c00000, 0x0000000800000000)
  region size 4096K, 4 young (16384K), 0 survivors (0K)
 Metaspace       used 11536K, committed 11648K, reserved 1064960K
  class space    used 1037K, committed 1088K, reserved 1048576K

Heap Regions: E=young(eden), S=young(survivor), O=old, HS=humongous(starts), HC=humongous(continues), CS=collection set, F=free, OA=open archive, CA=closed archive, TAMS=top-at-mark-start (previous, next)
|   0|0x0000000680c00000, 0x0000000680c00000, 0x0000000681000000|  0%| F|  |TAMS 0x0000000680c00000, 0x0000000680c00000| Untracked 
|   1|0x0000000681000000, 0x0000000681000000, 0x0000000681400000|  0%| F|  |TAMS 0x0000000681000000, 0x0000000681000000| Untracked 
|   2|0x0000000681400000, 0x0000000681400000, 0x0000000681800000|  0%| F|  |TAMS 0x0000000681400000, 0x0000000681400000| Untracked 
|   3|0x0000000681800000, 0x0000000681800000, 0x0000000681c00000|  0%| F|  |TAMS 0x0000000681800000, 0x0000000681800000| Untracked 
|   4|0x0000000681c00000, 0x0000000681c00000, 0x0000000682000000|  0%| F|  |TAMS 0x0000000681c00000, 0x0000000681c00000| Untracked 
|   5|0x0000000682000000, 0x0000000682000000, 0x0000000682400000|  0%| F|  |TAMS 0x0000000682000000, 0x0000000682000000| Untracked 
|   6|0x0000000682400000, 0x0000000682400000, 0x0000000682800000|  0%| F|  |TAMS 0x0000000682400000, 0x0000000682400000| Untracked 
|   7|0x0000000682800000, 0x0000000682800000, 0x0000000682c00000|  0%| F|  |TAMS 0x0000000682800000, 0x0000000682800000| Untracked 
|   8|0x0000000682c00000, 0x0000000682c00000, 0x0000000683000000|  0%| F|  |TAMS 0x0000000682c00000, 0x0000000682c00000| Untracked 
|   9|0x0000000683000000, 0x0000000683000000, 0x0000000683400000|  0%| F|  |TAMS 0x0000000683000000, 0x0000000683000000| Untracked 
|  10|0x0000000683400000, 0x0000000683400000, 0x0000000683800000|  0%| F|  |TAMS 0x0000000683400000, 0x0000000683400000| Untracked 
|  11|0x0000000683800000, 0x0000000683800000, 0x0000000683c00000|  0%| F|  |TAMS 0x0000000683800000, 0x0000000683800000| Untracked 
|  12|0x0000000683c00000, 0x0000000683c00000, 0x0000000684000000|  0%| F|  |TAMS 0x0000000683c00000, 0x0000000683c00000| Untracked 
|  13|0x0000000684000000, 0x0000000684000000, 0x0000000684400000|  0%| F|  |TAMS 0x0000000684000000, 0x0000000684000000| Untracked 
|  14|0x0000000684400000, 0x0000000684400000, 0x0000000684800000|  0%| F|  |TAMS 0x0000000684400000, 0x0000000684400000| Untracked 
|  15|0x0000000684800000, 0x0000000684800000, 0x0000000684c00000|  0%| F|  |TAMS 0x0000000684800000, 0x0000000684800000| Untracked 
|  16|0x0000000684c00000, 0x0000000684c00000, 0x0000000685000000|  0%| F|  |TAMS 0x0000000684c00000, 0x0000000684c00000| Untracked 
|  17|0x0000000685000000, 0x0000000685000000, 0x0000000685400000|  0%| F|  |TAMS 0x0000000685000000, 0x0000000685000000| Untracked 
|  18|0x0000000685400000, 0x0000000685400000, 0x0000000685800000|  0%| F|  |TAMS 0x0000000685400000, 0x0000000685400000| Untracked 
|  19|0x0000000685800000, 0x0000000685800000, 0x0000000685c00000|  0%| F|  |TAMS 0x0000000685800000, 0x0000000685800000| Untracked 
|  20|0x0000000685c00000, 0x0000000685c00000, 0x0000000686000000|  0%| F|  |TAMS 0x0000000685c00000, 0x0000000685c00000| Untracked 
|  21|0x0000000686000000, 0x0000000686000000, 0x0000000686400000|  0%| F|  |TAMS 0x0000000686000000, 0x0000000686000000| Untracked 
|  22|0x0000000686400000, 0x0000000686400000, 0x0000000686800000|  0%| F|  |TAMS 0x0000000686400000, 0x0000000686400000| Untracked 
|  23|0x0000000686800000, 0x0000000686800000, 0x0000000686c00000|  0%| F|  |TAMS 0x0000000686800000, 0x0000000686800000| Untracked 
|  24|0x0000000686c00000, 0x0000000686c00000, 0x0000000687000000|  0%| F|  |TAMS 0x0000000686c00000, 0x0000000686c00000| Untracked 
|  25|0x0000000687000000, 0x0000000687000000, 0x0000000687400000|  0%| F|  |TAMS 0x0000000687000000, 0x0000000687000000| Untracked 
|  26|0x0000000687400000, 0x0000000687400000, 0x0000000687800000|  0%| F|  |TAMS 0x0000000687400000, 0x0000000687400000| Untracked 
|  27|0x0000000687800000, 0x0000000687800000, 0x0000000687c00000|  0%| F|  |TAMS 0x0000000687800000, 0x0000000687800000| Untracked 
|  28|0x0000000687c00000, 0x0000000687c00000, 0x0000000688000000|  0%| F|  |TAMS 0x0000000687c00000, 0x0000000687c00000| Untracked 
|  29|0x0000000688000000, 0x0000000688000000, 0x0000000688400000|  0%| F|  |TAMS 0x0000000688000000, 0x0000000688000000| Untracked 
|  30|0x0000000688400000, 0x0000000688400000, 0x0000000688800000|  0%| F|  |TAMS 0x0000000688400000, 0x0000000688400000| Untracked 
|  31|0x0000000688800000, 0x0000000688800000, 0x0000000688c00000|  0%| F|  |TAMS 0x0000000688800000, 0x0000000688800000| Untracked 
|  32|0x0000000688c00000, 0x0000000688c00000, 0x0000000689000000|  0%| F|  |TAMS 0x0000000688c00000, 0x0000000688c00000| Untracked 
|  33|0x0000000689000000, 0x0000000689000000, 0x0000000689400000|  0%| F|  |TAMS 0x0000000689000000, 0x0000000689000000| Untracked 
|  34|0x0000000689400000, 0x0000000689400000, 0x0000000689800000|  0%| F|  |TAMS 0x0000000689400000, 0x0000000689400000| Untracked 
|  35|0x0000000689800000, 0x0000000689800000, 0x0000000689c00000|  0%| F|  |TAMS 0x0000000689800000, 0x0000000689800000| Untracked 
|  36|0x0000000689c00000, 0x0000000689c00000, 0x000000068a000000|  0%| F|  |TAMS 0x0000000689c00000, 0x0000000689c00000| Untracked 
|  37|0x000000068a000000, 0x000000068a000000, 0x000000068a400000|  0%| F|  |TAMS 0x000000068a000000, 0x000000068a000000| Untracked 
|  38|0x000000068a400000, 0x000000068a400000, 0x000000068a800000|  0%| F|  |TAMS 0x000000068a400000, 0x000000068a400000| Untracked 
|  39|0x000000068a800000, 0x000000068a800000, 0x000000068ac00000|  0%| F|  |TAMS 0x000000068a800000, 0x000000068a800000| Untracked 
|  40|0x000000068ac00000, 0x000000068ac00000, 0x000000068b000000|  0%| F|  |TAMS 0x000000068ac00000, 0x000000068ac00000| Untracked 
|  41|0x000000068b000000, 0x000000068b000000, 0x000000068b400000|  0%| F|  |TAMS 0x000000068b000000, 0x000000068b000000| Untracked 
|  42|0x000000068b400000, 0x000000068b400000, 0x000000068b800000|  0%| F|  |TAMS 0x000000068b400000, 0x000000068b400000| Untracked 
|  43|0x000000068b800000, 0x000000068b800000, 0x000000068bc00000|  0%| F|  |TAMS 0x000000068b800000, 0x000000068b800000| Untracked 
|  44|0x000000068bc00000, 0x000000068bc00000, 0x000000068c000000|  0%| F|  |TAMS 0x000000068bc00000, 0x000000068bc00000| Untracked 
|  45|0x000000068c000000, 0x000000068c000000, 0x000000068c400000|  0%| F|  |TAMS 0x000000068c000000, 0x000000068c000000| Untracked 
|  46|0x000000068c400000, 0x000000068c400000, 0x000000068c800000|  0%| F|  |TAMS 0x000000068c400000, 0x000000068c400000| Untracked 
|  47|0x000000068c800000, 0x000000068c800000, 0x000000068cc00000|  0%| F|  |TAMS 0x000000068c800000, 0x000000068c800000| Untracked 
|  48|0x000000068cc00000, 0x000000068cc00000, 0x000000068d000000|  0%| F|  |TAMS 0x000000068cc00000, 0x000000068cc00000| Untracked 
|  49|0x000000068d000000, 0x000000068d000000, 0x000000068d400000|  0%| F|  |TAMS 0x000000068d000000, 0x000000068d000000| Untracked 
|  50|0x000000068d400000, 0x000000068d400000, 0x000000068d800000|  0%| F|  |TAMS 0x000000068d400000, 0x000000068d400000| Untracked 
|  51|0x000000068d800000, 0x000000068d800000, 0x000000068dc00000|  0%| F|  |TAMS 0x000000068d800000, 0x000000068d800000| Untracked 
|  52|0x000000068dc00000, 0x000000068dc00000, 0x000000068e000000|  0%| F|  |TAMS 0x000000068dc00000, 0x000000068dc00000| Untracked 
|  53|0x000000068e000000, 0x000000068e000000, 0x000000068e400000|  0%| F|  |TAMS 0x000000068e000000, 0x000000068e000000| Untracked 
|  54|0x000000068e400000, 0x000000068e400000, 0x000000068e800000|  0%| F|  |TAMS 0x000000068e400000, 0x000000068e400000| Untracked 
|  55|0x000000068e800000, 0x000000068e800000, 0x000000068ec00000|  0%| F|  |TAMS 0x000000068e800000, 0x000000068e800000| Untracked 
|  56|0x000000068ec00000, 0x000000068ec00000, 0x000000068f000000|  0%| F|  |TAMS 0x000000068ec00000, 0x000000068ec00000| Untracked 
|  57|0x000000068f000000, 0x000000068f000000, 0x000000068f400000|  0%| F|  |TAMS 0x000000068f000000, 0x000000068f000000| Untracked 
|  58|0x000000068f400000, 0x000000068f400000, 0x000000068f800000|  0%| F|  |TAMS 0x000000068f400000, 0x000000068f400000| Untracked 
|  59|0x000000068f800000, 0x000000068f800000, 0x000000068fc00000|  0%| F|  |TAMS 0x000000068f800000, 0x000000068f800000| Untracked 
|  60|0x000000068fc00000, 0x000000068fc00000, 0x0000000690000000|  0%| F|  |TAMS 0x000000068fc00000, 0x000000068fc00000| Untracked 
|  61|0x0000000690000000, 0x0000000690000000, 0x0000000690400000|  0%| F|  |TAMS 0x0000000690000000, 0x0000000690000000| Untracked 
|  62|0x0000000690400000, 0x0000000690400000, 0x0000000690800000|  0%| F|  |TAMS 0x0000000690400000, 0x0000000690400000| Untracked 
|  63|0x0000000690800000, 0x0000000690800000, 0x0000000690c00000|  0%| F|  |TAMS 0x0000000690800000, 0x0000000690800000| Untracked 
|  64|0x0000000690c00000, 0x0000000690c00000, 0x0000000691000000|  0%| F|  |TAMS 0x0000000690c00000, 0x0000000690c00000| Untracked 
|  65|0x0000000691000000, 0x0000000691000000, 0x0000000691400000|  0%| F|  |TAMS 0x0000000691000000, 0x0000000691000000| Untracked 
|  66|0x0000000691400000, 0x0000000691400000, 0x0000000691800000|  0%| F|  |TAMS 0x0000000691400000, 0x0000000691400000| Untracked 
|  67|0x0000000691800000, 0x0000000691800000, 0x0000000691c00000|  0%| F|  |TAMS 0x0000000691800000, 0x0000000691800000| Untracked 
|  68|0x0000000691c00000, 0x0000000691c00000, 0x0000000692000000|  0%| F|  |TAMS 0x0000000691c00000, 0x0000000691c00000| Untracked 
|  69|0x0000000692000000, 0x0000000692000000, 0x0000000692400000|  0%| F|  |TAMS 0x0000000692000000, 0x0000000692000000| Untracked 
|  70|0x0000000692400000, 0x0000000692400000, 0x0000000692800000|  0%| F|  |TAMS 0x0000000692400000, 0x0000000692400000| Untracked 
|  71|0x0000000692800000, 0x0000000692800000, 0x0000000692c00000|  0%| F|  |TAMS 0x0000000692800000, 0x0000000692800000| Untracked 
|  72|0x0000000692c00000, 0x0000000692c00000, 0x0000000693000000|  0%| F|  |TAMS 0x0000000692c00000, 0x0000000692c00000| Untracked 
|  73|0x0000000693000000, 0x0000000693000000, 0x0000000693400000|  0%| F|  |TAMS 0x0000000693000000, 0x0000000693000000| Untracked 
|  74|0x0000000693400000, 0x0000000693400000, 0x0000000693800000|  0%| F|  |TAMS 0x0000000693400000, 0x0000000693400000| Untracked 
|  75|0x0000000693800000, 0x0000000693800000, 0x0000000693c00000|  0%| F|  |TAMS 0x0000000693800000, 0x0000000693800000| Untracked 
|  76|0x0000000693c00000, 0x0000000693c00000, 0x0000000694000000|  0%| F|  |TAMS 0x0000000693c00000, 0x0000000693c00000| Untracked 
|  77|0x0000000694000000, 0x0000000694000000, 0x0000000694400000|  0%| F|  |TAMS 0x0000000694000000, 0x0000000694000000| Untracked 
|  78|0x0000000694400000, 0x0000000694400000, 0x0000000694800000|  0%| F|  |TAMS 0x0000000694400000, 0x0000000694400000| Untracked 
|  79|0x0000000694800000, 0x0000000694800000, 0x0000000694c00000|  0%| F|  |TAMS 0x0000000694800000, 0x0000000694800000| Untracked 
|  80|0x0000000694c00000, 0x0000000694c00000, 0x0000000695000000|  0%| F|  |TAMS 0x0000000694c00000, 0x0000000694c00000| Untracked 
|  81|0x0000000695000000, 0x0000000695000000, 0x0000000695400000|  0%| F|  |TAMS 0x0000000695000000, 0x0000000695000000| Untracked 
|  82|0x0000000695400000, 0x0000000695400000, 0x0000000695800000|  0%| F|  |TAMS 0x0000000695400000, 0x0000000695400000| Untracked 
|  83|0x0000000695800000, 0x0000000695800000, 0x0000000695c00000|  0%| F|  |TAMS 0x0000000695800000, 0x0000000695800000| Untracked 
|  84|0x0000000695c00000, 0x0000000695c00000, 0x0000000696000000|  0%| F|  |TAMS 0x0000000695c00000, 0x0000000695c00000| Untracked 
|  85|0x0000000696000000, 0x0000000696000000, 0x0000000696400000|  0%| F|  |TAMS 0x0000000696000000, 0x0000000696000000| Untracked 
|  86|0x0000000696400000, 0x0000000696400000, 0x0000000696800000|  0%| F|  |TAMS 0x0000000696400000, 0x0000000696400000| Untracked 
|  87|0x0000000696800000, 0x0000000696800000, 0x0000000696c00000|  0%| F|  |TAMS 0x0000000696800000, 0x0000000696800000| Untracked 
|  88|0x0000000696c00000, 0x0000000696c00000, 0x0000000697000000|  0%| F|  |TAMS 0x0000000696c00000, 0x0000000696c00000| Untracked 
|  89|0x0000000697000000, 0x0000000697000000, 0x0000000697400000|  0%| F|  |TAMS 0x0000000697000000, 0x0000000697000000| Untracked 
|  90|0x0000000697400000, 0x0000000697400000, 0x0000000697800000|  0%| F|  |TAMS 0x0000000697400000, 0x0000000697400000| Untracked 
|  91|0x0000000697800000, 0x0000000697800000, 0x0000000697c00000|  0%| F|  |TAMS 0x0000000697800000, 0x0000000697800000| Untracked 
|  92|0x0000000697c00000, 0x0000000697d33f58, 0x0000000698000000| 30%| E|  |TAMS 0x0000000697c00000, 0x0000000697c00000| Complete 
|  93|0x0000000698000000, 0x0000000698400000, 0x0000000698400000|100%| E|CS|TAMS 0x0000000698000000, 0x0000000698000000| Complete 
|  94|0x0000000698400000, 0x0000000698800000, 0x0000000698800000|100%| E|CS|TAMS 0x0000000698400000, 0x0000000698400000| Complete 
|  95|0x0000000698800000, 0x0000000698c00000, 0x0000000698c00000|100%| E|CS|TAMS 0x0000000698800000, 0x0000000698800000| Complete 

Card table byte_map: [0x0000016f98730000,0x0000016f99330000] _byte_map_base: 0x0000016f9532a000

Marking Bits (Prev, Next): (CMBitMap*) 0x0000016f850c3810, (CMBitMap*) 0x0000016f850c3850
 Prev Bits: [0x0000016f99f30000, 0x0000016f9ff00000)
 Next Bits: [0x0000016f9ff00000, 0x0000016fa5ed0000)

Polling page: 0x0000016f84840000

Metaspace:

Usage:
  Non-class:     10.25 MB used.
      Class:      1.01 MB used.
       Both:     11.27 MB used.

Virtual space:
  Non-class space:       16.00 MB reserved,      10.31 MB ( 64%) committed,  2 nodes.
      Class space:        1.00 GB reserved,       1.06 MB ( <1%) committed,  1 nodes.
              Both:        1.02 GB reserved,      11.38 MB (  1%) committed. 

Chunk freelists:
   Non-Class:  832.00 KB
       Class:  2.95 MB
        Both:  3.76 MB

MaxMetaspaceSize: 17179869184.00 GB
CompressedClassSpaceSize: 1.00 GB
 - commit_granule_bytes: 65536.
 - commit_granule_words: 8192.
 - virtual_space_node_default_size: 1048576.
 - enlarge_chunks_in_place: 1.
 - new_chunks_are_fully_committed: 0.
 - uncommit_free_chunks: 1.
 - use_allocation_guard: 0.
 - handle_deallocations: 1.


Internal statistics:

num_allocs_failed_limit: 0.
num_arena_births: 18.
num_arena_deaths: 0.
num_vsnodes_births: 3.
num_vsnodes_deaths: 0.
num_space_committed: 182.
num_space_uncommitted: 0.
num_chunks_returned_to_freelist: 0.
num_chunks_taken_from_freelist: 88.
num_chunk_merges: 0.
num_chunk_splits: 39.
num_chunks_enlarged: 30.
num_purges: 0.

CodeHeap 'non-profiled nmethods': size=120000Kb used=261Kb max_used=261Kb free=119738Kb
 bounds [0x0000016f900a0000, 0x0000016f90310000, 0x0000016f975d0000]
CodeHeap 'profiled nmethods': size=120000Kb used=1199Kb max_used=1199Kb free=118800Kb
 bounds [0x0000016f88b70000, 0x0000016f88de0000, 0x0000016f900a0000]
CodeHeap 'non-nmethods': size=5760Kb used=1210Kb max_used=1227Kb free=4550Kb
 bounds [0x0000016f885d0000, 0x0000016f88840000, 0x0000016f88b70000]
 total_blobs=1095 nmethods=677 adapters=331
 compilation: enabled
              stopped_count=0, restarted_count=0
 full_count=0

Compilation events (20 events):
Event: 0.564 Thread 0x0000016fa944d230 nmethod 669 0x0000016f88c90f90 code [0x0000016f88c91120, 0x0000016f88c91258]
Event: 0.564 Thread 0x0000016fa944d230  670       3       java.util.WeakHashMap::hash (28 bytes)
Event: 0.564 Thread 0x0000016fa944d230 nmethod 670 0x0000016f88c91310 code [0x0000016f88c914c0, 0x0000016f88c916c8]
Event: 0.564 Thread 0x0000016fa944d230  671       3       java.util.WeakHashMap::getTable (9 bytes)
Event: 0.564 Thread 0x0000016fa944d230 nmethod 671 0x0000016f88c91790 code [0x0000016f88c91940, 0x0000016f88c91a88]
Event: 0.564 Thread 0x0000016fa944d230  672   !   3       java.util.WeakHashMap::expungeStaleEntries (139 bytes)
Event: 0.565 Thread 0x0000016fa944d230 nmethod 672 0x0000016f88c91b10 code [0x0000016f88c91d40, 0x0000016f88c92808]
Event: 0.565 Thread 0x0000016fa944d230  674       3       java.lang.Class::getPackageName (81 bytes)
Event: 0.565 Thread 0x0000016fa944d230 nmethod 674 0x0000016f88c92d10 code [0x0000016f88c92fa0, 0x0000016f88c93a88]
Event: 0.565 Thread 0x0000016fa944d230  673       3       jdk.internal.loader.BuiltinClassLoader::loadClassOrNull (7 bytes)
Event: 0.565 Thread 0x0000016fa944d230 nmethod 673 0x0000016f88c93e90 code [0x0000016f88c94040, 0x0000016f88c94228]
Event: 0.565 Thread 0x0000016fa944d230  675   !   3       jdk.internal.loader.BuiltinClassLoader::loadClassOrNull (143 bytes)
Event: 0.566 Thread 0x0000016fa9d7aaf0 nmethod 655 0x0000016f900e0790 code [0x0000016f900e0940, 0x0000016f900e11c8]
Event: 0.567 Thread 0x0000016fa944d230 nmethod 675 0x0000016f88c94310 code [0x0000016f88c94640, 0x0000016f88c95c18]
Event: 0.567 Thread 0x0000016fa944d230  676       3       java.io.WinNTFileSystem::resolve (275 bytes)
Event: 0.569 Thread 0x0000016fa944d230 nmethod 676 0x0000016f88c96590 code [0x0000016f88c96b20, 0x0000016f88c99918]
Event: 0.569 Thread 0x0000016fa944d230  677       3       jdk.internal.ref.PhantomCleanable::<init> (49 bytes)
Event: 0.569 Thread 0x0000016fa944d230 nmethod 677 0x0000016f88c9ac10 code [0x0000016f88c9ae80, 0x0000016f88c9b9f8]
Event: 293.008 Thread 0x0000016fa944d230  678       3       org.eclipse.jdt.launching.internal.org.objectweb.asm.ByteVector::encodeUtf8 (337 bytes)
Event: 293.011 Thread 0x0000016fa944d230 


GC Heap History (0 events):
No events

Deoptimization events (20 events):
Event: 0.435 Thread 0x0000016f85062060 Uncommon trap: trap_request=0xffffff45 fr.pc=0x0000016f900b43e8 relative=0x0000000000000048
Event: 0.435 Thread 0x0000016f85062060 Uncommon trap: reason=unstable_if action=reinterpret pc=0x0000016f900b43e8 method=java.lang.CharacterData.of(I)Ljava/lang/CharacterData; @ 4 c2
Event: 0.435 Thread 0x0000016f85062060 DEOPT PACKING pc=0x0000016f900b43e8 sp=0x00000046717fe990
Event: 0.435 Thread 0x0000016f85062060 DEOPT UNPACKING pc=0x0000016f8861d72e sp=0x00000046717fe930 mode 2
Event: 0.440 Thread 0x0000016f85062060 DEOPT PACKING pc=0x0000016f88c3c3f9 sp=0x00000046717fa6a0
Event: 0.440 Thread 0x0000016f85062060 DEOPT UNPACKING pc=0x0000016f8861dece sp=0x00000046717f9b00 mode 0
Event: 0.448 Thread 0x0000016f85062060 DEOPT PACKING pc=0x0000016f88c3c3f9 sp=0x00000046717fa3c0
Event: 0.448 Thread 0x0000016f85062060 DEOPT UNPACKING pc=0x0000016f8861dece sp=0x00000046717f9820 mode 0
Event: 0.459 Thread 0x0000016f85062060 DEOPT PACKING pc=0x0000016f88c3c3f9 sp=0x00000046717fa590
Event: 0.459 Thread 0x0000016f85062060 DEOPT UNPACKING pc=0x0000016f8861dece sp=0x00000046717f99f0 mode 0
Event: 0.476 Thread 0x0000016f85062060 DEOPT PACKING pc=0x0000016f88c3c3f9 sp=0x00000046717f8ac0
Event: 0.476 Thread 0x0000016f85062060 DEOPT UNPACKING pc=0x0000016f8861dece sp=0x00000046717f7f20 mode 0
Event: 0.490 Thread 0x0000016f85062060 DEOPT PACKING pc=0x0000016f88c3c3f9 sp=0x00000046717fa170
Event: 0.491 Thread 0x0000016f85062060 DEOPT UNPACKING pc=0x0000016f8861dece sp=0x00000046717f95d0 mode 0
Event: 0.530 Thread 0x0000016f85062060 DEOPT PACKING pc=0x0000016f88c3c3f9 sp=0x00000046717fd830
Event: 0.530 Thread 0x0000016f85062060 DEOPT UNPACKING pc=0x0000016f8861dece sp=0x00000046717fcc90 mode 0
Event: 0.540 Thread 0x0000016f85062060 Uncommon trap: trap_request=0xffffffde fr.pc=0x0000016f900d4a28 relative=0x00000000000018e8
Event: 0.540 Thread 0x0000016f85062060 Uncommon trap: reason=class_check action=maybe_recompile pc=0x0000016f900d4a28 method=java.util.HashMap.putVal(ILjava/lang/Object;Ljava/lang/Object;ZZ)Ljava/lang/Object; @ 253 c2
Event: 0.540 Thread 0x0000016f85062060 DEOPT PACKING pc=0x0000016f900d4a28 sp=0x00000046717fe960
Event: 0.540 Thread 0x0000016f85062060 DEOPT UNPACKING pc=0x0000016f8861d72e sp=0x00000046717fe908 mode 2

Classes unloaded (0 events):
No events

Classes redefined (2 events):
Event: 293.009 Thread 0x0000016fa8b4faf0 redefined class name=model.Categoria, count=1
Event: 544.084 Thread 0x0000016fa8b4faf0 redefined class name=model.Categoria, count=2

Internal exceptions (5 events):
Event: 0.333 Thread 0x0000016f85062060 Exception <a 'java/lang/NoSuchMethodError'{0x0000000698501e80}: 'java.lang.Object java.lang.invoke.DirectMethodHandle$Holder.invokeStatic(java.lang.Object)'> (0x0000000698501e80) 
thrown [t:\workspace\open\src\hotspot\share\interpreter\linkResolver.cpp, line 790]
Event: 0.394 Thread 0x0000016f85062060 Exception <a 'java/lang/NoSuchMethodError'{0x00000006986df1e8}: 'java.lang.Object java.lang.invoke.DirectMethodHandle$Holder.invokeStaticInit(java.lang.Object)'> (0x00000006986df1e8) 
thrown [t:\workspace\open\src\hotspot\share\interpreter\linkResolver.cpp, line 790]
Event: 0.400 Thread 0x0000016f85062060 Exception <a 'java/lang/NoSuchMethodError'{0x000000069870a1a8}: 'void java.lang.invoke.DirectMethodHandle$Holder.invokeStatic(java.lang.Object, java.lang.Object)'> (0x000000069870a1a8) 
thrown [t:\workspace\open\src\hotspot\share\interpreter\linkResolver.cpp, line 790]
Event: 0.533 Thread 0x0000016f85062060 Exception <a 'java/lang/NoSuchMethodError'{0x00000006983b6bf8}: 'java.lang.Object java.lang.invoke.DirectMethodHandle$Holder.invokeInterface(java.lang.Object, java.lang.Object)'> (0x00000006983b6bf8) 
thrown [t:\workspace\open\src\hotspot\share\interpreter\linkResolver.cpp, line 790]
Event: 0.533 Thread 0x0000016f85062060 Exception <a 'java/lang/IncompatibleClassChangeError'{0x00000006983ba5f0}: Found class java.lang.Object, but interface was expected> (0x00000006983ba5f0) 
thrown [t:\workspace\open\src\hotspot\share\interpreter\linkResolver.cpp, line 857]

Events (20 events):
Event: 495.697 Executing  VM operation: get/set locals done
Event: 544.081 Executing  VM operation: ChangeSingleStep
Event: 544.081 Executing  VM operation: ChangeSingleStep done
Event: 544.081 Executing  VM operation: ChangeSingleStep
Event: 544.081 Executing  VM operation: ChangeSingleStep done
Event: 544.084 Executing  VM operation: RedefineClasses
Event: 544.086 Executing  VM operation: RedefineClasses done
Event: 544.090 Executing  VM operation: ChangeBreakpoints
Event: 544.090 Executing  VM operation: ChangeBreakpoints done
Event: 544.094 Executing  VM operation: ChangeBreakpoints
Event: 544.094 Executing  VM operation: ChangeBreakpoints done
Event: 544.094 Executing  VM operation: ChangeBreakpoints
Event: 544.094 Executing  VM operation: ChangeBreakpoints done
Event: 544.096 Executing  VM operation: ChangeSingleStep
Event: 544.096 Executing  VM operation: ChangeSingleStep done
Event: 544.096 Executing  VM operation: get/set locals
Event: 544.096 Executing  VM operation: get/set locals done
Event: 544.097 Executing  VM operation: ChangeSingleStep
Event: 544.097 Executing  VM operation: ChangeSingleStep done
Event: 545.338 Executing  VM operation: get/set locals


Dynamic libraries:
0x00007ff691f80000 - 0x00007ff691f8e000 	C:\Users\Diego\.p2\pool\plugins\org.eclipse.justj.openjdk.hotspot.jre.full.win32.x86_64_16.0.1.v20210528-1205\jre\bin\javaw.exe
0x00007ffa44930000 - 0x00007ffa44b25000 	C:\WINDOWS\SYSTEM32\ntdll.dll
0x00007ffa42dd0000 - 0x00007ffa42e8e000 	C:\WINDOWS\System32\KERNEL32.DLL
0x00007ffa422a0000 - 0x00007ffa42568000 	C:\WINDOWS\System32\KERNELBASE.dll
0x00007ffa420a0000 - 0x00007ffa421a0000 	C:\WINDOWS\System32\ucrtbase.dll
0x00007ffa22f40000 - 0x00007ffa22f58000 	C:\Users\Diego\.p2\pool\plugins\org.eclipse.justj.openjdk.hotspot.jre.full.win32.x86_64_16.0.1.v20210528-1205\jre\bin\jli.dll
0x00007ffa21ca0000 - 0x00007ffa21cb9000 	C:\Users\Diego\.p2\pool\plugins\org.eclipse.justj.openjdk.hotspot.jre.full.win32.x86_64_16.0.1.v20210528-1205\jre\bin\VCRUNTIME140.dll
0x00007ffa42c30000 - 0x00007ffa42dd0000 	C:\WINDOWS\System32\USER32.dll
0x00007ffa3be90000 - 0x00007ffa3c12a000 	C:\WINDOWS\WinSxS\amd64_microsoft.windows.common-controls_6595b64144ccf1df_6.0.19041.1110_none_60b5254171f9507e\COMCTL32.dll
0x00007ffa42270000 - 0x00007ffa42292000 	C:\WINDOWS\System32\win32u.dll
0x00007ffa43480000 - 0x00007ffa4351e000 	C:\WINDOWS\System32\msvcrt.dll
0x00007ffa43a20000 - 0x00007ffa43a4a000 	C:\WINDOWS\System32\GDI32.dll
0x00007ffa42880000 - 0x00007ffa4298b000 	C:\WINDOWS\System32\gdi32full.dll
0x00007ffa421a0000 - 0x00007ffa4223d000 	C:\WINDOWS\System32\msvcp_win.dll
0x00007ffa429a0000 - 0x00007ffa429d0000 	C:\WINDOWS\System32\IMM32.DLL
0x00007ffa25950000 - 0x00007ffa2595c000 	C:\Users\Diego\.p2\pool\plugins\org.eclipse.justj.openjdk.hotspot.jre.full.win32.x86_64_16.0.1.v20210528-1205\jre\bin\vcruntime140_1.dll
0x00007ffa207e0000 - 0x00007ffa20871000 	C:\Users\Diego\.p2\pool\plugins\org.eclipse.justj.openjdk.hotspot.jre.full.win32.x86_64_16.0.1.v20210528-1205\jre\bin\msvcp140.dll
0x00007ff9ee930000 - 0x00007ff9ef4db000 	C:\Users\Diego\.p2\pool\plugins\org.eclipse.justj.openjdk.hotspot.jre.full.win32.x86_64_16.0.1.v20210528-1205\jre\bin\server\jvm.dll
0x00007ffa429d0000 - 0x00007ffa42a7e000 	C:\WINDOWS\System32\ADVAPI32.dll
0x00007ffa43330000 - 0x00007ffa433cc000 	C:\WINDOWS\System32\sechost.dll
0x00007ffa436d0000 - 0x00007ffa437f5000 	C:\WINDOWS\System32\RPCRT4.dll
0x00007ffa42990000 - 0x00007ffa42998000 	C:\WINDOWS\System32\PSAPI.DLL
0x00007ffa29960000 - 0x00007ffa29969000 	C:\WINDOWS\SYSTEM32\WSOCK32.dll
0x00007ffa3c420000 - 0x00007ffa3c447000 	C:\WINDOWS\SYSTEM32\WINMM.dll
0x00007ffa3c450000 - 0x00007ffa3c45a000 	C:\WINDOWS\SYSTEM32\VERSION.dll
0x00007ffa439b0000 - 0x00007ffa43a1b000 	C:\WINDOWS\System32\WS2_32.dll
0x00007ffa3ff60000 - 0x00007ffa3ff72000 	C:\WINDOWS\SYSTEM32\kernel.appcore.dll
0x00007ffa29930000 - 0x00007ffa2993a000 	C:\Users\Diego\.p2\pool\plugins\org.eclipse.justj.openjdk.hotspot.jre.full.win32.x86_64_16.0.1.v20210528-1205\jre\bin\jimage.dll
0x00007ffa32a40000 - 0x00007ffa32c24000 	C:\WINDOWS\SYSTEM32\DBGHELP.DLL
0x00007ffa33210000 - 0x00007ffa3323c000 	C:\WINDOWS\SYSTEM32\dbgcore.DLL
0x00007ffa42620000 - 0x00007ffa426a2000 	C:\WINDOWS\System32\bcryptPrimitives.dll
0x00007ffa20310000 - 0x00007ffa2034b000 	C:\Users\Diego\.p2\pool\plugins\org.eclipse.justj.openjdk.hotspot.jre.full.win32.x86_64_16.0.1.v20210528-1205\jre\bin\jdwp.dll
0x00007ffa39e60000 - 0x00007ffa39e6e000 	C:\Users\Diego\.p2\pool\plugins\org.eclipse.justj.openjdk.hotspot.jre.full.win32.x86_64_16.0.1.v20210528-1205\jre\bin\instrument.dll
0x00007ffa25f60000 - 0x00007ffa25f85000 	C:\Users\Diego\.p2\pool\plugins\org.eclipse.justj.openjdk.hotspot.jre.full.win32.x86_64_16.0.1.v20210528-1205\jre\bin\java.dll
0x00007ffa29860000 - 0x00007ffa29878000 	C:\Users\Diego\.p2\pool\plugins\org.eclipse.justj.openjdk.hotspot.jre.full.win32.x86_64_16.0.1.v20210528-1205\jre\bin\zip.dll
0x00007ffa43bf0000 - 0x00007ffa44334000 	C:\WINDOWS\System32\SHELL32.dll
0x00007ffa40160000 - 0x00007ffa408f4000 	C:\WINDOWS\SYSTEM32\windows.storage.dll
0x00007ffa42e90000 - 0x00007ffa431e4000 	C:\WINDOWS\System32\combase.dll
0x00007ffa41ac0000 - 0x00007ffa41aec000 	C:\WINDOWS\SYSTEM32\Wldp.dll
0x00007ffa433d0000 - 0x00007ffa4347d000 	C:\WINDOWS\System32\SHCORE.dll
0x00007ffa43b90000 - 0x00007ffa43be5000 	C:\WINDOWS\System32\shlwapi.dll
0x00007ffa41f90000 - 0x00007ffa41faf000 	C:\WINDOWS\SYSTEM32\profapi.dll
0x00007ffa29b30000 - 0x00007ffa29b3c000 	C:\Users\Diego\.p2\pool\plugins\org.eclipse.justj.openjdk.hotspot.jre.full.win32.x86_64_16.0.1.v20210528-1205\jre\bin\dt_socket.dll
0x00007ffa414c0000 - 0x00007ffa414fb000 	C:\WINDOWS\SYSTEM32\IPHLPAPI.DLL
0x00007ffa41820000 - 0x00007ffa4188a000 	C:\WINDOWS\system32\mswsock.dll
0x00007ffa41510000 - 0x00007ffa415db000 	C:\WINDOWS\SYSTEM32\DNSAPI.dll
0x00007ffa43320000 - 0x00007ffa43328000 	C:\WINDOWS\System32\NSI.dll
0x00007ffa3b520000 - 0x00007ffa3b52a000 	C:\Windows\System32\rasadhlp.dll
0x00007ffa36c30000 - 0x00007ffa36caf000 	C:\WINDOWS\System32\fwpuclnt.dll
0x00007ffa42240000 - 0x00007ffa42267000 	C:\WINDOWS\System32\bcrypt.dll
0x00007ffa27940000 - 0x00007ffa27959000 	C:\Users\Diego\.p2\pool\plugins\org.eclipse.justj.openjdk.hotspot.jre.full.win32.x86_64_16.0.1.v20210528-1205\jre\bin\net.dll
0x00007ffa384b0000 - 0x00007ffa385ba000 	C:\WINDOWS\SYSTEM32\WINHTTP.dll
0x00007ffa25c00000 - 0x00007ffa25c13000 	C:\Users\Diego\.p2\pool\plugins\org.eclipse.justj.openjdk.hotspot.jre.full.win32.x86_64_16.0.1.v20210528-1205\jre\bin\nio.dll
0x00007ffa29810000 - 0x00007ffa29820000 	C:\Users\Diego\.p2\pool\plugins\org.eclipse.justj.openjdk.hotspot.jre.full.win32.x86_64_16.0.1.v20210528-1205\jre\bin\verify.dll
0x00007ffa3ce00000 - 0x00007ffa3ce17000 	C:\WINDOWS\SYSTEM32\dhcpcsvc6.DLL
0x00007ffa3cde0000 - 0x00007ffa3cdfd000 	C:\WINDOWS\SYSTEM32\dhcpcsvc.DLL

dbghelp: loaded successfully - version: 4.0.5 - missing functions: none
symbol engine: initialized successfully - sym options: 0x614 - pdb path: .;C:\Users\Diego\.p2\pool\plugins\org.eclipse.justj.openjdk.hotspot.jre.full.win32.x86_64_16.0.1.v20210528-1205\jre\bin;C:\WINDOWS\SYSTEM32;C:\WINDOWS\WinSxS\amd64_microsoft.windows.common-controls_6595b64144ccf1df_6.0.19041.1110_none_60b5254171f9507e;C:\Users\Diego\.p2\pool\plugins\org.eclipse.justj.openjdk.hotspot.jre.full.win32.x86_64_16.0.1.v20210528-1205\jre\bin\server

VM Arguments:
jvm_args: -XX:+ShowCodeDetailsInExceptionMessages -agentlib:jdwp=transport=dt_socket,suspend=y,address=localhost:57469 -ea -javaagent:C:\Users\Diego\eclipse\jee-2021-06\eclipse\configuration\org.eclipse.osgi\1157\0\.cp\lib\javaagent-shaded.jar -Dfile.encoding=UTF-8 
java_command: org.eclipse.jdt.internal.junit.runner.RemoteTestRunner -version 3 -port 57468 -testLoaderClass org.eclipse.jdt.internal.junit4.runner.JUnit4TestLoader -loaderpluginname org.eclipse.jdt.junit4.runtime -test lagigante.CategoriaTest:test
java_class_path (initial): C:\Users\Diego\Programacion\Java\lagigante\target\test-classes;C:\Users\Diego\Programacion\Java\lagigante\target\classes;C:\Users\Diego\.m2\repository\junit\junit\4.11\junit-4.11-sources.jar;C:\Users\Diego\.m2\repository\junit\junit\4.11\junit-4.11.jar;C:\Users\Diego\.m2\repository\org\hamcrest\hamcrest-core\1.3\hamcrest-core-1.3.jar;C:\Users\Diego\.m2\repository\org\xerial\sqlite-jdbc\3.36.0.3\sqlite-jdbc-3.36.0.3.jar;C:\Users\Diego\.m2\repository\jakarta\servlet\jakarta.servlet-api\5.0.0\jakarta.servlet-api-5.0.0.jar;C:\Users\Diego\.m2\repository\org\glassfish\web\jakarta.servlet.jsp.jstl\2.0.0\jakarta.servlet.jsp.jstl-2.0.0.jar;C:\Users\Diego\.m2\repository\jakarta\servlet\jsp\jstl\jakarta.servlet.jsp.jstl-api\2.0.0\jakarta.servlet.jsp.jstl-api-2.0.0.jar;C:\Users\Diego\.m2\repository\jakarta\el\jakarta.el-api\4.0.0\jakarta.el-api-4.0.0.jar;C:\Users\Diego\.m2\repository\jakarta\xml\bind\jakarta.xml.bind-api\3.0.0\jakarta.xml.bind-api-3.0.0.jar;C:\Users\Diego\.m2\repository\com\sun\activation\jakarta.activation\2.0.0\jakarta.activation-2.0.0.jar;C:\Users\Diego\.m2\repository\org\apache\tomcat\tomcat-el-api\10.0.10\tomcat-el-api-10.0.10.jar;C:\Users\Diego\.m2\repository\org\mindrot\jbcrypt\0.4\jbcrypt-0.4.jar;C:\Users\Diego\eclipse\jee-2021-06\eclipse\configuration\org.eclipse.osgi\413\0\.cp;C:\Users\Diego\eclipse\jee-2021-06\eclipse\configuration\org.eclipse.osgi\1156\0\.cp
Launcher Type: SUN_STANDARD

[Global flags]
     intx CICompilerCount                          = 4                                         {product} {ergonomic}
     uint ConcGCThreads                            = 3                                         {product} {ergonomic}
     uint G1ConcRefinementThreads                  = 10                                        {product} {ergonomic}
   size_t G1HeapRegionSize                         = 4194304                                   {product} {ergonomic}
    uintx GCDrainStackTargetSize                   = 64                                        {product} {ergonomic}
   size_t InitialHeapSize                          = 402653184                                 {product} {ergonomic}
   size_t MarkStackSize                            = 4194304                                   {product} {ergonomic}
   size_t MaxHeapSize                              = 6429868032                                {product} {ergonomic}
   size_t MaxNewSize                               = 3854565376                                {product} {ergonomic}
   size_t MinHeapDeltaBytes                        = 4194304                                   {product} {ergonomic}
   size_t MinHeapSize                              = 8388608                                   {product} {ergonomic}
    uintx NonNMethodCodeHeapSize                   = 5839372                                {pd product} {ergonomic}
    uintx NonProfiledCodeHeapSize                  = 122909434                              {pd product} {ergonomic}
    uintx ProfiledCodeHeapSize                     = 122909434                              {pd product} {ergonomic}
    uintx ReservedCodeCacheSize                    = 251658240                              {pd product} {ergonomic}
     bool SegmentedCodeCache                       = true                                      {product} {ergonomic}
     bool ShowCodeDetailsInExceptionMessages       = true                                   {manageable} {command line}
   size_t SoftMaxHeapSize                          = 6429868032                             {manageable} {ergonomic}
     bool UseCompressedClassPointers               = true                           {product lp64_product} {ergonomic}
     bool UseCompressedOops                        = true                           {product lp64_product} {ergonomic}
     bool UseG1GC                                  = true                                      {product} {ergonomic}
     bool UseLargePagesIndividualAllocation        = false                                  {pd product} {ergonomic}

Logging:
Log output configuration:
 #0: stdout all=warning uptime,level,tags
 #1: stderr all=off uptime,level,tags

Environment Variables:
PATH=C:\Users\Diego\.p2\pool\plugins\org.eclipse.justj.openjdk.hotspot.jre.full.win32.x86_64_16.0.1.v20210528-1205\jre\bin;C:/Users/Diego/.p2/pool/plugins/org.eclipse.justj.openjdk.hotspot.jre.full.win32.x86_64_16.0.1.v20210528-1205/jre/bin/server;C:/Users/Diego/.p2/pool/plugins/org.eclipse.justj.openjdk.hotspot.jre.full.win32.x86_64_16.0.1.v20210528-1205/jre/bin;C:\Python310\Scripts\;C:\Python310\;C:\Program Files\Common Files\Oracle\Java\javapath;C:\Python39\Scripts\;C:\Python39\;C:\Windows\system32;C:\Windows;C:\Windows\System32\Wbem;C:\Windows\System32\WindowsPowerShell\v1.0\;C:\Windows\System32\OpenSSH\;C:\Program Files\NVIDIA Corporation\NVIDIA NvDLISR;C:\Program Files (x86)\NVIDIA Corporation\PhysX\Common;C:\WINDOWS\system32;C:\WINDOWS;C:\WINDOWS\System32\Wbem;C:\WINDOWS\System32\WindowsPowerShell\v1.0\;C:\WINDOWS\System32\OpenSSH\;C:\ProgramData\chocolatey\bin;C:\Program Files\Git\cmd;C:\Program Files\nodejs\;C:\Program Files (x86)\Windows Kits\8.0\Windows Performance Toolkit\;C:\Users\Diego\AppData\Local\Microsoft\WindowsApps;C:\Users\Diego\AppData\Local\Programs\Microsoft VS Code\bin;C:\Users\Diego\AppData\Local\GitHubDesktop\bin;C:\Users\Diego\AppData\Local\Hyper\app-3.0.2\resources\bin;C:\Users\Diego\AppData\Local\Programs\Hyper\resources\bin;C:\Users\Diego\AppData\Roaming\npm;C:\WINDOWS\system32;
USERNAME=Diego
OS=Windows_NT
PROCESSOR_IDENTIFIER=AMD64 Family 23 Model 8 Stepping 2, AuthenticAMD



---------------  S Y S T E M  ---------------

OS:
 Windows 10 , 64 bit Build 19041 (10.0.19041.1645)
OS uptime: 7 days 12:09 hours

CPU: total 12 (initial active 12) (12 cores per cpu, 2 threads per core) family 23 model 8 stepping 2 microcode 0x0, cx8, cmov, fxsr, ht, mmx, 3dnowpref, sse, sse2, sse3, ssse3, sse4a, sse4.1, sse4.2, popcnt, lzcnt, tsc, tscinvbit, avx, avx2, aes, clmul, bmi1, bmi2, adx, sha, fma, vzeroupper, clflush, clflushopt

Memory: 4k page, system-wide physical 24526M (13365M free)
TotalPageFile size 28110M (AvailPageFile size 7985M)
current process WorkingSet (physical memory assigned to process): 58M, peak: 66M
current process commit charge ("private bytes"): 485M, peak: 493M

vm_info: OpenJDK 64-Bit Server VM (16.0.1+9-24) for windows-amd64 JRE (16.0.1+9-24), built on Mar 26 2021 19:30:07 by "mach5one" with MS VC++ 16.7 (VS2019)

END.
