#
# A fatal error has been detected by the Java Runtime Environment:
#
#  EXCEPTION_ACCESS_VIOLATION (0xc0000005) at pc=0x00007ff9eeb6a5a8, pid=20712, tid=24212
#
# JRE version: OpenJDK Runtime Environment (16.0.1+9) (build 16.0.1+9-24)
# Java VM: OpenJDK 64-Bit Server VM (16.0.1+9-24, mixed mode, tiered, compressed oops, compressed class ptrs, g1 gc, windows-amd64)
# Problematic frame:
# V  [jvm.dll+0x23a5a8]
#
# No core dump will be written. Minidumps are not enabled by default on client versions of Windows
#
# If you would like to submit a bug report, please visit:
#   https://bugreport.java.com/bugreport/crash.jsp
#

---------------  S U M M A R Y ------------

Command Line: -XX:+ShowCodeDetailsInExceptionMessages -agentlib:jdwp=transport=dt_socket,suspend=y,address=localhost:59642 -ea -javaagent:C:\Users\Diego\eclipse\jee-2021-06\eclipse\configuration\org.eclipse.osgi\1157\0\.cp\lib\javaagent-shaded.jar -Dfile.encoding=UTF-8 org.eclipse.jdt.internal.junit.runner.RemoteTestRunner -version 3 -port 59641 -testLoaderClass org.eclipse.jdt.internal.junit4.runner.JUnit4TestLoader -loaderpluginname org.eclipse.jdt.junit4.runtime -test lagigante.CategoriaTest:test

Host: AMD Ryzen 5 2600X Six-Core Processor           , 12 cores, 23G,  Windows 10 , 64 bit Build 19041 (10.0.19041.1645)
Time: Tue May 10 05:31:59 2022 Hora estándar de Argentina elapsed time: 746.324831 seconds (0d 0h 12m 26s)

---------------  T H R E A D  ---------------

Current thread (0x0000025e31c20bd0):  VMThread "VM Thread" [stack: 0x000000c1ac700000,0x000000c1ac800000] [id=24212]

Stack: [0x000000c1ac700000,0x000000c1ac800000],  sp=0x000000c1ac7fe888,  free space=1018k
Native frames: (J=compiled Java code, j=interpreted, Vv=VM code, C=native code)
V  [jvm.dll+0x23a5a8]


siginfo: EXCEPTION_ACCESS_VIOLATION (0xc0000005), reading address 0x0000025e32fc12a0


Register to memory mapping:

RIP=0x00007ff9eeb6a5a8 jvm.dll
RAX=0x0000000000194140 is an unknown value
RBX=0x0000025e32e0e898 is pointing into metadata
RCX=0x0000025e32e2d160 is pointing into metadata
RDX=0x000000000000ca09 is an unknown value
RSP=0x000000c1ac7fe888 points into unknown readable memory: 0x00007ff9eeb6a62e | 2e a6 b6 ee f9 7f 00 00
RBP=0x000000c1ac7fe9c0 points into unknown readable memory: 0x0000025e3117a448 | 48 a4 17 31 5e 02 00 00
RSI=0x0 is NULL
RDI=0x000000c1ac7fefd0 points into unknown readable memory: 0x00007ff9ef2621f8 | f8 21 26 ef f9 7f 00 00
R8 =0x0 is NULL
R9 =0x0000025e32e0e898 is pointing into metadata
R10=0x0000025e31c3e6b0 points into unknown readable memory: 0x4700000147000000 | 00 00 00 47 01 00 00 47
R11=0x0000025e31c3e5e0 points into unknown readable memory: 0x4700000147000000 | 00 00 00 47 01 00 00 47
R12=0x00007ff9ee930000 jvm.dll
R13=0x0000025e31c3e588 points into unknown readable memory: 0x0000003d98427e00 | 00 7e 42 98 3d 00 00 00
R14=0x0000025e32e0f3ff is pointing into metadata
R15=0x0000000000000047 is an unknown value


Registers:
RAX=0x0000000000194140, RBX=0x0000025e32e0e898, RCX=0x0000025e32e2d160, RDX=0x000000000000ca09
RSP=0x000000c1ac7fe888, RBP=0x000000c1ac7fe9c0, RSI=0x0000000000000000, RDI=0x000000c1ac7fefd0
R8 =0x0000000000000000, R9 =0x0000025e32e0e898, R10=0x0000025e31c3e6b0, R11=0x0000025e31c3e5e0
R12=0x00007ff9ee930000, R13=0x0000025e31c3e588, R14=0x0000025e32e0f3ff, R15=0x0000000000000047
RIP=0x00007ff9eeb6a5a8, EFLAGS=0x0000000000010212

Top of Stack: (sp=0x000000c1ac7fe888)
0x000000c1ac7fe888:   00007ff9eeb6a62e 000000c1ac7fe918
0x000000c1ac7fe898:   0000000000000000 0000025e31174090
0x000000c1ac7fe8a8:   0000000000000000 000000c1ac7fee40
0x000000c1ac7fe8b8:   00007ff9eec5d534 0000000000000000
0x000000c1ac7fe8c8:   0000000000000000 0000000000000000
0x000000c1ac7fe8d8:   0000000000000000 0000000000000000
0x000000c1ac7fe8e8:   0000000000000000 0000025e3117e0c0
0x000000c1ac7fe8f8:   00007ff90000000c 0000000000000000
0x000000c1ac7fe908:   000000c1ac7fe960 0000000000000001
0x000000c1ac7fe918:   0000025e3117e0c0 0000001600000002
0x000000c1ac7fe928:   0000000000000016 000000030000000c
0x000000c1ac7fe938:   0000025e31174090 0000000000000000
0x000000c1ac7fe948:   0000000046000006 000000c1ac7ff0a0
0x000000c1ac7fe958:   00007ff9ef0155b2 4fffffff4fffffff
0x000000c1ac7fe968:   0000000000000000 0000025e31174090
0x000000c1ac7fe978:   0000000000000000 0000000000000000 

Instructions: (pc=0x00007ff9eeb6a5a8)
0x00007ff9eeb6a4a8:   03 03 03 03 03 03 03 03 03 03 03 03 03 03 03 03
0x00007ff9eeb6a4b8:   03 03 03 03 03 03 03 03 03 03 03 03 03 03 03 03
0x00007ff9eeb6a4c8:   03 03 03 03 03 03 03 03 03 03 03 03 03 03 03 03
0x00007ff9eeb6a4d8:   03 03 03 03 03 03 03 03 03 03 03 03 03 03 03 03
0x00007ff9eeb6a4e8:   03 03 03 02 03 03 02 cc 48 89 5c 24 08 48 89 74
0x00007ff9eeb6a4f8:   24 10 57 48 83 ec 20 48 63 da 41 0f b6 f0 48 8b
0x00007ff9eeb6a508:   f9 85 d2 79 24 4c 8d 0d cc 92 69 00 ba b4 02 00
0x00007ff9eeb6a518:   00 4c 8d 05 f8 92 69 00 48 8d 0d 61 92 69 00 e8
0x00007ff9eeb6a528:   64 88 00 00 e8 0f de 42 00 40 84 f6 75 18 48 8b
0x00007ff9eeb6a538:   4f 10 48 85 c9 74 0f 48 8d 43 01 48 c1 e0 05 48
0x00007ff9eeb6a548:   8b 04 08 0f b7 d8 48 8b 74 24 38 48 63 c3 48 8b
0x00007ff9eeb6a558:   5c 24 30 0f b7 44 c7 48 48 83 c4 20 5f c3 cc cc
0x00007ff9eeb6a568:   cc cc cc cc cc cc cc cc 4c 8b c9 45 84 c0 75 41
0x00007ff9eeb6a578:   48 8b 49 10 48 85 c9 74 38 85 d2 79 19 f7 d2 8b
0x00007ff9eeb6a588:   c2 48 ff c0 48 c1 e0 05 48 8b 04 08 0f b7 c8 41
0x00007ff9eeb6a598:   0f b7 44 c9 4a c3 48 63 c2 48 ff c0 48 c1 e0 05
0x00007ff9eeb6a5a8:   48 8b 04 08 0f b7 d0 48 63 c2 41 0f b7 44 c1 4a
0x00007ff9eeb6a5b8:   c3 49 8b 41 08 4c 63 c2 42 0f b6 44 00 04 8d 48
0x00007ff9eeb6a5c8:   ef 80 f9 01 76 0e 3c 6a 74 0a 48 63 c2 41 0f b7
0x00007ff9eeb6a5d8:   44 c1 4a c3 43 0f b7 44 c1 4a c3 cc cc cc cc cc
0x00007ff9eeb6a5e8:   cc cc cc cc cc cc cc cc 40 53 48 83 ec 20 48 8b
0x00007ff9eeb6a5f8:   d9 e8 72 ff ff ff 48 63 d0 0f b7 44 d3 48 48 8b
0x00007ff9eeb6a608:   44 c3 48 48 83 c4 20 5b c3 cc cc cc cc cc cc cc
0x00007ff9eeb6a618:   cc cc cc cc cc cc cc cc 40 53 48 83 ec 20 48 8b
0x00007ff9eeb6a628:   d9 e8 42 ff ff ff 48 63 d0 0f b7 44 d3 4a 48 8b
0x00007ff9eeb6a638:   44 c3 48 48 83 c4 20 5b c3 cc cc cc cc cc cc cc
0x00007ff9eeb6a648:   cc cc cc cc cc cc cc cc 4c 8b d1 45 84 c9 75 28
0x00007ff9eeb6a658:   4c 8b 49 10 4d 85 c9 74 1f 45 85 c0 79 08 41 f7
0x00007ff9eeb6a668:   d0 41 8b c0 eb 03 49 63 c0 48 ff c0 48 c1 e0 05
0x00007ff9eeb6a678:   4a 8b 04 08 44 0f b7 c0 49 8b 42 08 49 63 c8 0f
0x00007ff9eeb6a688:   b6 4c 08 04 48 8b c2 88 0a c3 cc cc cc cc cc cc
0x00007ff9eeb6a698:   cc cc cc cc cc cc cc cc 40 56 57 41 54 41 56 41 


Stack slot to memory mapping:
stack at sp + 0 slots: 0x00007ff9eeb6a62e jvm.dll
stack at sp + 1 slots: 0x000000c1ac7fe918 points into unknown readable memory: 0x0000025e3117e0c0 | c0 e0 17 31 5e 02 00 00
stack at sp + 2 slots: 0x0 is NULL
stack at sp + 3 slots: 0x0000025e31174090 points into unknown readable memory: 0x616a00106e30ffff | ff ff 30 6e 10 00 6a 61
stack at sp + 4 slots: 0x0 is NULL
stack at sp + 5 slots: 0x000000c1ac7fee40 points into unknown readable memory: 0x0000025e32e0f450 | 50 f4 e0 32 5e 02 00 00
stack at sp + 6 slots: 0x00007ff9eec5d534 jvm.dll
stack at sp + 7 slots: 0x0 is NULL

VM_Operation (0x000000c1ad2ff670): get/set locals, mode: safepoint, requested by thread 0x0000025e31ed9b90


---------------  P R O C E S S  ---------------

Threads class SMR info:
_java_thread_list=0x0000025e32af4cd0, length=16, elements={
0x0000025e0d7c5e30, 0x0000025e312cb010, 0x0000025e312cc3f0, 0x0000025e31c312b0,
0x0000025e31c32bd0, 0x0000025e31c49190, 0x0000025e31c51ab0, 0x0000025e31c55e00,
0x0000025e31c56750, 0x0000025e31c6beb0, 0x0000025e31dd9c20, 0x0000025e31ed9b90,
0x0000025e31eef500, 0x0000025e31ef1de0, 0x0000025e323e1cc0, 0x0000025e32507330
}

Java Threads: ( => current thread )
  0x0000025e0d7c5e30 JavaThread "main" [_thread_blocked, id=9468, stack(0x000000c1ac100000,0x000000c1ac200000)]
  0x0000025e312cb010 JavaThread "Reference Handler" daemon [_thread_blocked, id=27456, stack(0x000000c1ac800000,0x000000c1ac900000)]
  0x0000025e312cc3f0 JavaThread "Finalizer" daemon [_thread_blocked, id=18788, stack(0x000000c1ac900000,0x000000c1aca00000)]
  0x0000025e31c312b0 JavaThread "Signal Dispatcher" daemon [_thread_blocked, id=19744, stack(0x000000c1aca00000,0x000000c1acb00000)]
  0x0000025e31c32bd0 JavaThread "Attach Listener" daemon [_thread_blocked, id=25692, stack(0x000000c1acb00000,0x000000c1acc00000)]
  0x0000025e31c49190 JavaThread "Service Thread" daemon [_thread_blocked, id=23732, stack(0x000000c1acc00000,0x000000c1acd00000)]
  0x0000025e31c51ab0 JavaThread "Monitor Deflation Thread" daemon [_thread_blocked, id=22404, stack(0x000000c1acd00000,0x000000c1ace00000)]
  0x0000025e31c55e00 JavaThread "C2 CompilerThread0" daemon [_thread_blocked, id=26984, stack(0x000000c1ace00000,0x000000c1acf00000)]
  0x0000025e31c56750 JavaThread "C1 CompilerThread0" daemon [_thread_blocked, id=17380, stack(0x000000c1acf00000,0x000000c1ad000000)]
  0x0000025e31c6beb0 JavaThread "Sweeper thread" daemon [_thread_blocked, id=26688, stack(0x000000c1ad000000,0x000000c1ad100000)]
  0x0000025e31dd9c20 JavaThread "Common-Cleaner" daemon [_thread_blocked, id=26060, stack(0x000000c1ad100000,0x000000c1ad200000)]
  0x0000025e31ed9b90 JavaThread "JDWP Transport Listener: dt_socket" daemon [_thread_blocked, id=18996, stack(0x000000c1ad200000,0x000000c1ad300000)]
  0x0000025e31eef500 JavaThread "JDWP Event Helper Thread" daemon [_thread_blocked, id=26188, stack(0x000000c1ad300000,0x000000c1ad400000)]
  0x0000025e31ef1de0 JavaThread "JDWP Command Reader" daemon [_thread_in_native, id=9780, stack(0x000000c1ad400000,0x000000c1ad500000)]
  0x0000025e323e1cc0 JavaThread "Notification Thread" daemon [_thread_blocked, id=26768, stack(0x000000c1ad500000,0x000000c1ad600000)]
  0x0000025e32507330 JavaThread "ReaderThread" [_thread_in_native, id=24436, stack(0x000000c1ad700000,0x000000c1ad800000)]

Other Threads:
=>0x0000025e31c20bd0 VMThread "VM Thread" [stack: 0x000000c1ac700000,0x000000c1ac800000] [id=24212]
  0x0000025e0d7c6dc0 WatcherThread [stack: 0x000000c1ad600000,0x000000c1ad700000] [id=2764]
  0x0000025e0b5aa660 GCTaskThread "GC Thread#0" [stack: 0x000000c1ac200000,0x000000c1ac300000] [id=272]
  0x0000025e0b5adc40 ConcurrentGCThread "G1 Main Marker" [stack: 0x000000c1ac300000,0x000000c1ac400000] [id=18600]
  0x0000025e0b5ae5c0 ConcurrentGCThread "G1 Conc#0" [stack: 0x000000c1ac400000,0x000000c1ac500000] [id=4260]
  0x0000025e311324c0 ConcurrentGCThread "G1 Refine#0" [stack: 0x000000c1ac500000,0x000000c1ac600000] [id=12740]
  0x0000025e0d88ae90 ConcurrentGCThread "G1 Service" [stack: 0x000000c1ac600000,0x000000c1ac700000] [id=6428]

Threads with active compile tasks:

VM state: at safepoint (normal execution)

VM Mutex/Monitor currently owned by a thread:  ([mutex/lock_event])
[0x0000025e0d7c0da0] Threads_lock - owner thread: 0x0000025e31c20bd0

Heap address: 0x0000000680c00000, size: 6132 MB, Compressed Oops mode: Zero based, Oop shift amount: 3

CDS disabled.
Compressed class space mapped at: 0x0000000800000000-0x0000000840000000, reserved size: 1073741824
Narrow klass base: 0x0000000800000000, Narrow klass shift: 0, Narrow klass range: 0x40000000

GC Precious Log:
 CPUs: 12 total, 12 available
 Memory: 24526M
 Large Page Support: Disabled
 NUMA Support: Disabled
 Compressed Oops: Enabled (Zero based)
 Heap Region Size: 4M
 Heap Min Capacity: 8M
 Heap Initial Capacity: 384M
 Heap Max Capacity: 6132M
 Pre-touch: Disabled
 Parallel Workers: 10
 Concurrent Workers: 3
 Concurrent Refinement Workers: 10
 Periodic GC: Disabled

Heap:
 garbage-first heap   total 393216K, used 12288K [0x0000000680c00000, 0x0000000800000000)
  region size 4096K, 4 young (16384K), 0 survivors (0K)
 Metaspace       used 11526K, committed 11648K, reserved 1064960K
  class space    used 1036K, committed 1088K, reserved 1048576K

Heap Regions: E=young(eden), S=young(survivor), O=old, HS=humongous(starts), HC=humongous(continues), CS=collection set, F=free, OA=open archive, CA=closed archive, TAMS=top-at-mark-start (previous, next)
|   0|0x0000000680c00000, 0x0000000680c00000, 0x0000000681000000|  0%| F|  |TAMS 0x0000000680c00000, 0x0000000680c00000| Untracked 
|   1|0x0000000681000000, 0x0000000681000000, 0x0000000681400000|  0%| F|  |TAMS 0x0000000681000000, 0x0000000681000000| Untracked 
|   2|0x0000000681400000, 0x0000000681400000, 0x0000000681800000|  0%| F|  |TAMS 0x0000000681400000, 0x0000000681400000| Untracked 
|   3|0x0000000681800000, 0x0000000681800000, 0x0000000681c00000|  0%| F|  |TAMS 0x0000000681800000, 0x0000000681800000| Untracked 
|   4|0x0000000681c00000, 0x0000000681c00000, 0x0000000682000000|  0%| F|  |TAMS 0x0000000681c00000, 0x0000000681c00000| Untracked 
|   5|0x0000000682000000, 0x0000000682000000, 0x0000000682400000|  0%| F|  |TAMS 0x0000000682000000, 0x0000000682000000| Untracked 
|   6|0x0000000682400000, 0x0000000682400000, 0x0000000682800000|  0%| F|  |TAMS 0x0000000682400000, 0x0000000682400000| Untracked 
|   7|0x0000000682800000, 0x0000000682800000, 0x0000000682c00000|  0%| F|  |TAMS 0x0000000682800000, 0x0000000682800000| Untracked 
|   8|0x0000000682c00000, 0x0000000682c00000, 0x0000000683000000|  0%| F|  |TAMS 0x0000000682c00000, 0x0000000682c00000| Untracked 
|   9|0x0000000683000000, 0x0000000683000000, 0x0000000683400000|  0%| F|  |TAMS 0x0000000683000000, 0x0000000683000000| Untracked 
|  10|0x0000000683400000, 0x0000000683400000, 0x0000000683800000|  0%| F|  |TAMS 0x0000000683400000, 0x0000000683400000| Untracked 
|  11|0x0000000683800000, 0x0000000683800000, 0x0000000683c00000|  0%| F|  |TAMS 0x0000000683800000, 0x0000000683800000| Untracked 
|  12|0x0000000683c00000, 0x0000000683c00000, 0x0000000684000000|  0%| F|  |TAMS 0x0000000683c00000, 0x0000000683c00000| Untracked 
|  13|0x0000000684000000, 0x0000000684000000, 0x0000000684400000|  0%| F|  |TAMS 0x0000000684000000, 0x0000000684000000| Untracked 
|  14|0x0000000684400000, 0x0000000684400000, 0x0000000684800000|  0%| F|  |TAMS 0x0000000684400000, 0x0000000684400000| Untracked 
|  15|0x0000000684800000, 0x0000000684800000, 0x0000000684c00000|  0%| F|  |TAMS 0x0000000684800000, 0x0000000684800000| Untracked 
|  16|0x0000000684c00000, 0x0000000684c00000, 0x0000000685000000|  0%| F|  |TAMS 0x0000000684c00000, 0x0000000684c00000| Untracked 
|  17|0x0000000685000000, 0x0000000685000000, 0x0000000685400000|  0%| F|  |TAMS 0x0000000685000000, 0x0000000685000000| Untracked 
|  18|0x0000000685400000, 0x0000000685400000, 0x0000000685800000|  0%| F|  |TAMS 0x0000000685400000, 0x0000000685400000| Untracked 
|  19|0x0000000685800000, 0x0000000685800000, 0x0000000685c00000|  0%| F|  |TAMS 0x0000000685800000, 0x0000000685800000| Untracked 
|  20|0x0000000685c00000, 0x0000000685c00000, 0x0000000686000000|  0%| F|  |TAMS 0x0000000685c00000, 0x0000000685c00000| Untracked 
|  21|0x0000000686000000, 0x0000000686000000, 0x0000000686400000|  0%| F|  |TAMS 0x0000000686000000, 0x0000000686000000| Untracked 
|  22|0x0000000686400000, 0x0000000686400000, 0x0000000686800000|  0%| F|  |TAMS 0x0000000686400000, 0x0000000686400000| Untracked 
|  23|0x0000000686800000, 0x0000000686800000, 0x0000000686c00000|  0%| F|  |TAMS 0x0000000686800000, 0x0000000686800000| Untracked 
|  24|0x0000000686c00000, 0x0000000686c00000, 0x0000000687000000|  0%| F|  |TAMS 0x0000000686c00000, 0x0000000686c00000| Untracked 
|  25|0x0000000687000000, 0x0000000687000000, 0x0000000687400000|  0%| F|  |TAMS 0x0000000687000000, 0x0000000687000000| Untracked 
|  26|0x0000000687400000, 0x0000000687400000, 0x0000000687800000|  0%| F|  |TAMS 0x0000000687400000, 0x0000000687400000| Untracked 
|  27|0x0000000687800000, 0x0000000687800000, 0x0000000687c00000|  0%| F|  |TAMS 0x0000000687800000, 0x0000000687800000| Untracked 
|  28|0x0000000687c00000, 0x0000000687c00000, 0x0000000688000000|  0%| F|  |TAMS 0x0000000687c00000, 0x0000000687c00000| Untracked 
|  29|0x0000000688000000, 0x0000000688000000, 0x0000000688400000|  0%| F|  |TAMS 0x0000000688000000, 0x0000000688000000| Untracked 
|  30|0x0000000688400000, 0x0000000688400000, 0x0000000688800000|  0%| F|  |TAMS 0x0000000688400000, 0x0000000688400000| Untracked 
|  31|0x0000000688800000, 0x0000000688800000, 0x0000000688c00000|  0%| F|  |TAMS 0x0000000688800000, 0x0000000688800000| Untracked 
|  32|0x0000000688c00000, 0x0000000688c00000, 0x0000000689000000|  0%| F|  |TAMS 0x0000000688c00000, 0x0000000688c00000| Untracked 
|  33|0x0000000689000000, 0x0000000689000000, 0x0000000689400000|  0%| F|  |TAMS 0x0000000689000000, 0x0000000689000000| Untracked 
|  34|0x0000000689400000, 0x0000000689400000, 0x0000000689800000|  0%| F|  |TAMS 0x0000000689400000, 0x0000000689400000| Untracked 
|  35|0x0000000689800000, 0x0000000689800000, 0x0000000689c00000|  0%| F|  |TAMS 0x0000000689800000, 0x0000000689800000| Untracked 
|  36|0x0000000689c00000, 0x0000000689c00000, 0x000000068a000000|  0%| F|  |TAMS 0x0000000689c00000, 0x0000000689c00000| Untracked 
|  37|0x000000068a000000, 0x000000068a000000, 0x000000068a400000|  0%| F|  |TAMS 0x000000068a000000, 0x000000068a000000| Untracked 
|  38|0x000000068a400000, 0x000000068a400000, 0x000000068a800000|  0%| F|  |TAMS 0x000000068a400000, 0x000000068a400000| Untracked 
|  39|0x000000068a800000, 0x000000068a800000, 0x000000068ac00000|  0%| F|  |TAMS 0x000000068a800000, 0x000000068a800000| Untracked 
|  40|0x000000068ac00000, 0x000000068ac00000, 0x000000068b000000|  0%| F|  |TAMS 0x000000068ac00000, 0x000000068ac00000| Untracked 
|  41|0x000000068b000000, 0x000000068b000000, 0x000000068b400000|  0%| F|  |TAMS 0x000000068b000000, 0x000000068b000000| Untracked 
|  42|0x000000068b400000, 0x000000068b400000, 0x000000068b800000|  0%| F|  |TAMS 0x000000068b400000, 0x000000068b400000| Untracked 
|  43|0x000000068b800000, 0x000000068b800000, 0x000000068bc00000|  0%| F|  |TAMS 0x000000068b800000, 0x000000068b800000| Untracked 
|  44|0x000000068bc00000, 0x000000068bc00000, 0x000000068c000000|  0%| F|  |TAMS 0x000000068bc00000, 0x000000068bc00000| Untracked 
|  45|0x000000068c000000, 0x000000068c000000, 0x000000068c400000|  0%| F|  |TAMS 0x000000068c000000, 0x000000068c000000| Untracked 
|  46|0x000000068c400000, 0x000000068c400000, 0x000000068c800000|  0%| F|  |TAMS 0x000000068c400000, 0x000000068c400000| Untracked 
|  47|0x000000068c800000, 0x000000068c800000, 0x000000068cc00000|  0%| F|  |TAMS 0x000000068c800000, 0x000000068c800000| Untracked 
|  48|0x000000068cc00000, 0x000000068cc00000, 0x000000068d000000|  0%| F|  |TAMS 0x000000068cc00000, 0x000000068cc00000| Untracked 
|  49|0x000000068d000000, 0x000000068d000000, 0x000000068d400000|  0%| F|  |TAMS 0x000000068d000000, 0x000000068d000000| Untracked 
|  50|0x000000068d400000, 0x000000068d400000, 0x000000068d800000|  0%| F|  |TAMS 0x000000068d400000, 0x000000068d400000| Untracked 
|  51|0x000000068d800000, 0x000000068d800000, 0x000000068dc00000|  0%| F|  |TAMS 0x000000068d800000, 0x000000068d800000| Untracked 
|  52|0x000000068dc00000, 0x000000068dc00000, 0x000000068e000000|  0%| F|  |TAMS 0x000000068dc00000, 0x000000068dc00000| Untracked 
|  53|0x000000068e000000, 0x000000068e000000, 0x000000068e400000|  0%| F|  |TAMS 0x000000068e000000, 0x000000068e000000| Untracked 
|  54|0x000000068e400000, 0x000000068e400000, 0x000000068e800000|  0%| F|  |TAMS 0x000000068e400000, 0x000000068e400000| Untracked 
|  55|0x000000068e800000, 0x000000068e800000, 0x000000068ec00000|  0%| F|  |TAMS 0x000000068e800000, 0x000000068e800000| Untracked 
|  56|0x000000068ec00000, 0x000000068ec00000, 0x000000068f000000|  0%| F|  |TAMS 0x000000068ec00000, 0x000000068ec00000| Untracked 
|  57|0x000000068f000000, 0x000000068f000000, 0x000000068f400000|  0%| F|  |TAMS 0x000000068f000000, 0x000000068f000000| Untracked 
|  58|0x000000068f400000, 0x000000068f400000, 0x000000068f800000|  0%| F|  |TAMS 0x000000068f400000, 0x000000068f400000| Untracked 
|  59|0x000000068f800000, 0x000000068f800000, 0x000000068fc00000|  0%| F|  |TAMS 0x000000068f800000, 0x000000068f800000| Untracked 
|  60|0x000000068fc00000, 0x000000068fc00000, 0x0000000690000000|  0%| F|  |TAMS 0x000000068fc00000, 0x000000068fc00000| Untracked 
|  61|0x0000000690000000, 0x0000000690000000, 0x0000000690400000|  0%| F|  |TAMS 0x0000000690000000, 0x0000000690000000| Untracked 
|  62|0x0000000690400000, 0x0000000690400000, 0x0000000690800000|  0%| F|  |TAMS 0x0000000690400000, 0x0000000690400000| Untracked 
|  63|0x0000000690800000, 0x0000000690800000, 0x0000000690c00000|  0%| F|  |TAMS 0x0000000690800000, 0x0000000690800000| Untracked 
|  64|0x0000000690c00000, 0x0000000690c00000, 0x0000000691000000|  0%| F|  |TAMS 0x0000000690c00000, 0x0000000690c00000| Untracked 
|  65|0x0000000691000000, 0x0000000691000000, 0x0000000691400000|  0%| F|  |TAMS 0x0000000691000000, 0x0000000691000000| Untracked 
|  66|0x0000000691400000, 0x0000000691400000, 0x0000000691800000|  0%| F|  |TAMS 0x0000000691400000, 0x0000000691400000| Untracked 
|  67|0x0000000691800000, 0x0000000691800000, 0x0000000691c00000|  0%| F|  |TAMS 0x0000000691800000, 0x0000000691800000| Untracked 
|  68|0x0000000691c00000, 0x0000000691c00000, 0x0000000692000000|  0%| F|  |TAMS 0x0000000691c00000, 0x0000000691c00000| Untracked 
|  69|0x0000000692000000, 0x0000000692000000, 0x0000000692400000|  0%| F|  |TAMS 0x0000000692000000, 0x0000000692000000| Untracked 
|  70|0x0000000692400000, 0x0000000692400000, 0x0000000692800000|  0%| F|  |TAMS 0x0000000692400000, 0x0000000692400000| Untracked 
|  71|0x0000000692800000, 0x0000000692800000, 0x0000000692c00000|  0%| F|  |TAMS 0x0000000692800000, 0x0000000692800000| Untracked 
|  72|0x0000000692c00000, 0x0000000692c00000, 0x0000000693000000|  0%| F|  |TAMS 0x0000000692c00000, 0x0000000692c00000| Untracked 
|  73|0x0000000693000000, 0x0000000693000000, 0x0000000693400000|  0%| F|  |TAMS 0x0000000693000000, 0x0000000693000000| Untracked 
|  74|0x0000000693400000, 0x0000000693400000, 0x0000000693800000|  0%| F|  |TAMS 0x0000000693400000, 0x0000000693400000| Untracked 
|  75|0x0000000693800000, 0x0000000693800000, 0x0000000693c00000|  0%| F|  |TAMS 0x0000000693800000, 0x0000000693800000| Untracked 
|  76|0x0000000693c00000, 0x0000000693c00000, 0x0000000694000000|  0%| F|  |TAMS 0x0000000693c00000, 0x0000000693c00000| Untracked 
|  77|0x0000000694000000, 0x0000000694000000, 0x0000000694400000|  0%| F|  |TAMS 0x0000000694000000, 0x0000000694000000| Untracked 
|  78|0x0000000694400000, 0x0000000694400000, 0x0000000694800000|  0%| F|  |TAMS 0x0000000694400000, 0x0000000694400000| Untracked 
|  79|0x0000000694800000, 0x0000000694800000, 0x0000000694c00000|  0%| F|  |TAMS 0x0000000694800000, 0x0000000694800000| Untracked 
|  80|0x0000000694c00000, 0x0000000694c00000, 0x0000000695000000|  0%| F|  |TAMS 0x0000000694c00000, 0x0000000694c00000| Untracked 
|  81|0x0000000695000000, 0x0000000695000000, 0x0000000695400000|  0%| F|  |TAMS 0x0000000695000000, 0x0000000695000000| Untracked 
|  82|0x0000000695400000, 0x0000000695400000, 0x0000000695800000|  0%| F|  |TAMS 0x0000000695400000, 0x0000000695400000| Untracked 
|  83|0x0000000695800000, 0x0000000695800000, 0x0000000695c00000|  0%| F|  |TAMS 0x0000000695800000, 0x0000000695800000| Untracked 
|  84|0x0000000695c00000, 0x0000000695c00000, 0x0000000696000000|  0%| F|  |TAMS 0x0000000695c00000, 0x0000000695c00000| Untracked 
|  85|0x0000000696000000, 0x0000000696000000, 0x0000000696400000|  0%| F|  |TAMS 0x0000000696000000, 0x0000000696000000| Untracked 
|  86|0x0000000696400000, 0x0000000696400000, 0x0000000696800000|  0%| F|  |TAMS 0x0000000696400000, 0x0000000696400000| Untracked 
|  87|0x0000000696800000, 0x0000000696800000, 0x0000000696c00000|  0%| F|  |TAMS 0x0000000696800000, 0x0000000696800000| Untracked 
|  88|0x0000000696c00000, 0x0000000696c00000, 0x0000000697000000|  0%| F|  |TAMS 0x0000000696c00000, 0x0000000696c00000| Untracked 
|  89|0x0000000697000000, 0x0000000697000000, 0x0000000697400000|  0%| F|  |TAMS 0x0000000697000000, 0x0000000697000000| Untracked 
|  90|0x0000000697400000, 0x0000000697400000, 0x0000000697800000|  0%| F|  |TAMS 0x0000000697400000, 0x0000000697400000| Untracked 
|  91|0x0000000697800000, 0x0000000697800000, 0x0000000697c00000|  0%| F|  |TAMS 0x0000000697800000, 0x0000000697800000| Untracked 
|  92|0x0000000697c00000, 0x0000000697d33bc0, 0x0000000698000000| 30%| E|  |TAMS 0x0000000697c00000, 0x0000000697c00000| Complete 
|  93|0x0000000698000000, 0x0000000698400000, 0x0000000698400000|100%| E|CS|TAMS 0x0000000698000000, 0x0000000698000000| Complete 
|  94|0x0000000698400000, 0x0000000698800000, 0x0000000698800000|100%| E|CS|TAMS 0x0000000698400000, 0x0000000698400000| Complete 
|  95|0x0000000698800000, 0x0000000698c00000, 0x0000000698c00000|100%| E|CS|TAMS 0x0000000698800000, 0x0000000698800000| Complete 

Card table byte_map: [0x0000025e20e80000,0x0000025e21a80000] _byte_map_base: 0x0000025e1da7a000

Marking Bits (Prev, Next): (CMBitMap*) 0x0000025e0b5abaf0, (CMBitMap*) 0x0000025e0b5abb30
 Prev Bits: [0x0000025e22680000, 0x0000025e28650000)
 Next Bits: [0x0000025e28650000, 0x0000025e2e620000)

Polling page: 0x0000025e0b710000

Metaspace:

Usage:
  Non-class:     10.24 MB used.
      Class:      1.01 MB used.
       Both:     11.26 MB used.

Virtual space:
  Non-class space:       16.00 MB reserved,      10.31 MB ( 64%) committed,  2 nodes.
      Class space:        1.00 GB reserved,       1.06 MB ( <1%) committed,  1 nodes.
              Both:        1.02 GB reserved,      11.38 MB (  1%) committed. 

Chunk freelists:
   Non-Class:  832.00 KB
       Class:  2.95 MB
        Both:  3.76 MB

MaxMetaspaceSize: 17179869184.00 GB
CompressedClassSpaceSize: 1.00 GB
 - commit_granule_bytes: 65536.
 - commit_granule_words: 8192.
 - virtual_space_node_default_size: 1048576.
 - enlarge_chunks_in_place: 1.
 - new_chunks_are_fully_committed: 0.
 - uncommit_free_chunks: 1.
 - use_allocation_guard: 0.
 - handle_deallocations: 1.


Internal statistics:

num_allocs_failed_limit: 0.
num_arena_births: 18.
num_arena_deaths: 0.
num_vsnodes_births: 3.
num_vsnodes_deaths: 0.
num_space_committed: 182.
num_space_uncommitted: 0.
num_chunks_returned_to_freelist: 0.
num_chunks_taken_from_freelist: 91.
num_chunk_merges: 0.
num_chunk_splits: 38.
num_chunks_enlarged: 29.
num_purges: 0.

CodeHeap 'non-profiled nmethods': size=120000Kb used=266Kb max_used=266Kb free=119733Kb
 bounds [0x0000025e18800000, 0x0000025e18a70000, 0x0000025e1fd30000]
CodeHeap 'profiled nmethods': size=120000Kb used=1204Kb max_used=1204Kb free=118795Kb
 bounds [0x0000025e112d0000, 0x0000025e11540000, 0x0000025e18800000]
CodeHeap 'non-nmethods': size=5760Kb used=1209Kb max_used=1240Kb free=4550Kb
 bounds [0x0000025e10d30000, 0x0000025e10fa0000, 0x0000025e112d0000]
 total_blobs=1098 nmethods=680 adapters=331
 compilation: enabled
              stopped_count=0, restarted_count=0
 full_count=0

Compilation events (20 events):
Event: 0.521 Thread 0x0000025e31c56750 nmethod 670 0x0000025e113f2790 code [0x0000025e113f2960, 0x0000025e113f2b58]
Event: 0.521 Thread 0x0000025e31c56750  672       3       jdk.internal.loader.BuiltinClassLoader::findLoadedModule (33 bytes)
Event: 0.522 Thread 0x0000025e31c56750 nmethod 672 0x0000025e113f2c10 code [0x0000025e113f2e40, 0x0000025e113f34d8]
Event: 0.522 Thread 0x0000025e31c56750  673       3       java.util.WeakHashMap::maskNull (12 bytes)
Event: 0.522 Thread 0x0000025e31c56750 nmethod 673 0x0000025e113f3710 code [0x0000025e113f38a0, 0x0000025e113f39d8]
Event: 0.522 Thread 0x0000025e31c56750  674       3       java.util.WeakHashMap::hash (28 bytes)
Event: 0.522 Thread 0x0000025e31c56750 nmethod 674 0x0000025e113f3a90 code [0x0000025e113f3c40, 0x0000025e113f3e48]
Event: 0.522 Thread 0x0000025e31c56750  675       3       java.util.WeakHashMap::getTable (9 bytes)
Event: 0.522 Thread 0x0000025e31c56750 nmethod 675 0x0000025e113f3f10 code [0x0000025e113f40c0, 0x0000025e113f4208]
Event: 0.522 Thread 0x0000025e31c56750  676   !   3       java.util.WeakHashMap::expungeStaleEntries (139 bytes)
Event: 0.522 Thread 0x0000025e31c56750 nmethod 676 0x0000025e113f4290 code [0x0000025e113f44c0, 0x0000025e113f4f88]
Event: 0.522 Thread 0x0000025e31c56750  677       3       jdk.internal.loader.BuiltinClassLoader::loadClassOrNull (7 bytes)
Event: 0.522 Thread 0x0000025e31c56750 nmethod 677 0x0000025e113f5490 code [0x0000025e113f5640, 0x0000025e113f5828]
Event: 0.522 Thread 0x0000025e31c56750  678   !   3       jdk.internal.loader.BuiltinClassLoader::loadClassOrNull (143 bytes)
Event: 0.523 Thread 0x0000025e31c56750 nmethod 678 0x0000025e113f5910 code [0x0000025e113f5c40, 0x0000025e113f7218]
Event: 0.523 Thread 0x0000025e31c56750  679       3       java.io.WinNTFileSystem::resolve (275 bytes)
Event: 0.524 Thread 0x0000025e324794b0 nmethod 654 0x0000025e18841a90 code [0x0000025e18841c40, 0x0000025e188424c8]
Event: 0.525 Thread 0x0000025e31c56750 nmethod 679 0x0000025e113f7b90 code [0x0000025e113f8120, 0x0000025e113faf18]
Event: 0.525 Thread 0x0000025e31c56750  680       3       jdk.internal.ref.PhantomCleanable::<init> (49 bytes)
Event: 0.526 Thread 0x0000025e31c56750 nmethod 680 0x0000025e113fc210 code [0x0000025e113fc480, 0x0000025e113fcff8]

GC Heap History (0 events):
No events

Deoptimization events (20 events):
Event: 0.453 Thread 0x0000025e0d7c5e30 DEOPT PACKING pc=0x0000025e1880926c sp=0x000000c1ac1fc660
Event: 0.453 Thread 0x0000025e0d7c5e30 DEOPT UNPACKING pc=0x0000025e10d7d72e sp=0x000000c1ac1fc590 mode 2
Event: 0.458 Thread 0x0000025e0d7c5e30 Uncommon trap: trap_request=0xffffff45 fr.pc=0x0000025e18813ee8 relative=0x0000000000000048
Event: 0.458 Thread 0x0000025e0d7c5e30 Uncommon trap: reason=unstable_if action=reinterpret pc=0x0000025e18813ee8 method=java.lang.CharacterData.of(I)Ljava/lang/CharacterData; @ 4 c2
Event: 0.458 Thread 0x0000025e0d7c5e30 DEOPT PACKING pc=0x0000025e18813ee8 sp=0x000000c1ac1fe7f0
Event: 0.458 Thread 0x0000025e0d7c5e30 DEOPT UNPACKING pc=0x0000025e10d7d72e sp=0x000000c1ac1fe790 mode 2
Event: 0.462 Thread 0x0000025e0d7c5e30 DEOPT PACKING pc=0x0000025e1139d2f9 sp=0x000000c1ac1fa500
Event: 0.462 Thread 0x0000025e0d7c5e30 DEOPT UNPACKING pc=0x0000025e10d7dece sp=0x000000c1ac1f9960 mode 0
Event: 0.472 Thread 0x0000025e0d7c5e30 DEOPT PACKING pc=0x0000025e1139d2f9 sp=0x000000c1ac1fa7e0
Event: 0.472 Thread 0x0000025e0d7c5e30 DEOPT UNPACKING pc=0x0000025e10d7dece sp=0x000000c1ac1f9c40 mode 0
Event: 0.478 Thread 0x0000025e0d7c5e30 DEOPT PACKING pc=0x0000025e1139d2f9 sp=0x000000c1ac1f8920
Event: 0.478 Thread 0x0000025e0d7c5e30 DEOPT UNPACKING pc=0x0000025e10d7dece sp=0x000000c1ac1f7d80 mode 0
Event: 0.484 Thread 0x0000025e0d7c5e30 DEOPT PACKING pc=0x0000025e1139d2f9 sp=0x000000c1ac1f9fd0
Event: 0.484 Thread 0x0000025e0d7c5e30 DEOPT UNPACKING pc=0x0000025e10d7dece sp=0x000000c1ac1f9430 mode 0
Event: 0.501 Thread 0x0000025e0d7c5e30 DEOPT PACKING pc=0x0000025e1139d2f9 sp=0x000000c1ac1fd690
Event: 0.501 Thread 0x0000025e0d7c5e30 DEOPT UNPACKING pc=0x0000025e10d7dece sp=0x000000c1ac1fcaf0 mode 0
Event: 0.506 Thread 0x0000025e0d7c5e30 Uncommon trap: trap_request=0xffffffde fr.pc=0x0000025e1883162c relative=0x00000000000018ec
Event: 0.506 Thread 0x0000025e0d7c5e30 Uncommon trap: reason=class_check action=maybe_recompile pc=0x0000025e1883162c method=java.util.HashMap.putVal(ILjava/lang/Object;Ljava/lang/Object;ZZ)Ljava/lang/Object; @ 253 c2
Event: 0.506 Thread 0x0000025e0d7c5e30 DEOPT PACKING pc=0x0000025e1883162c sp=0x000000c1ac1fe7c0
Event: 0.506 Thread 0x0000025e0d7c5e30 DEOPT UNPACKING pc=0x0000025e10d7d72e sp=0x000000c1ac1fe768 mode 2

Classes unloaded (0 events):
No events

Classes redefined (2 events):
Event: 495.283 Thread 0x0000025e31c20bd0 redefined class name=model.Categoria, count=1
Event: 746.309 Thread 0x0000025e31c20bd0 redefined class name=model.Categoria, count=2

Internal exceptions (5 events):
Event: 0.355 Thread 0x0000025e0d7c5e30 Exception <a 'java/lang/NoSuchMethodError'{0x0000000698501ea8}: 'java.lang.Object java.lang.invoke.DirectMethodHandle$Holder.invokeStatic(java.lang.Object)'> (0x0000000698501ea8) 
thrown [t:\workspace\open\src\hotspot\share\interpreter\linkResolver.cpp, line 790]
Event: 0.420 Thread 0x0000025e0d7c5e30 Exception <a 'java/lang/NoSuchMethodError'{0x00000006986df2e8}: 'java.lang.Object java.lang.invoke.DirectMethodHandle$Holder.invokeStaticInit(java.lang.Object)'> (0x00000006986df2e8) 
thrown [t:\workspace\open\src\hotspot\share\interpreter\linkResolver.cpp, line 790]
Event: 0.426 Thread 0x0000025e0d7c5e30 Exception <a 'java/lang/NoSuchMethodError'{0x0000000698709f08}: 'void java.lang.invoke.DirectMethodHandle$Holder.invokeStatic(java.lang.Object, java.lang.Object)'> (0x0000000698709f08) 
thrown [t:\workspace\open\src\hotspot\share\interpreter\linkResolver.cpp, line 790]
Event: 0.503 Thread 0x0000025e0d7c5e30 Exception <a 'java/lang/NoSuchMethodError'{0x00000006983b7930}: 'java.lang.Object java.lang.invoke.DirectMethodHandle$Holder.invokeInterface(java.lang.Object, java.lang.Object)'> (0x00000006983b7930) 
thrown [t:\workspace\open\src\hotspot\share\interpreter\linkResolver.cpp, line 790]
Event: 0.503 Thread 0x0000025e0d7c5e30 Exception <a 'java/lang/IncompatibleClassChangeError'{0x00000006983bb328}: Found class java.lang.Object, but interface was expected> (0x00000006983bb328) 
thrown [t:\workspace\open\src\hotspot\share\interpreter\linkResolver.cpp, line 857]

Events (20 events):
Event: 495.307 Executing  VM operation: ChangeBreakpoints done
Event: 495.308 Executing  VM operation: ChangeBreakpoints
Event: 495.308 Executing  VM operation: ChangeBreakpoints done
Event: 495.524 Executing  VM operation: get/set locals
Event: 495.524 Executing  VM operation: get/set locals done
Event: 746.306 Executing  VM operation: ChangeSingleStep
Event: 746.307 Executing  VM operation: ChangeSingleStep done
Event: 746.307 Executing  VM operation: ChangeSingleStep
Event: 746.307 Executing  VM operation: ChangeSingleStep done
Event: 746.308 Executing  VM operation: RedefineClasses
Event: 746.311 Executing  VM operation: RedefineClasses done
Event: 746.314 Executing  VM operation: ChangeBreakpoints
Event: 746.314 Executing  VM operation: ChangeBreakpoints done
Event: 746.318 Executing  VM operation: ChangeBreakpoints
Event: 746.319 Executing  VM operation: ChangeBreakpoints done
Event: 746.319 Executing  VM operation: ChangeBreakpoints
Event: 746.319 Executing  VM operation: ChangeBreakpoints done
Event: 746.321 Executing  VM operation: ChangeSingleStep
Event: 746.321 Executing  VM operation: ChangeSingleStep done
Event: 746.321 Executing  VM operation: get/set locals


Dynamic libraries:
0x00007ff691f80000 - 0x00007ff691f8e000 	C:\Users\Diego\.p2\pool\plugins\org.eclipse.justj.openjdk.hotspot.jre.full.win32.x86_64_16.0.1.v20210528-1205\jre\bin\javaw.exe
0x00007ffa44930000 - 0x00007ffa44b25000 	C:\WINDOWS\SYSTEM32\ntdll.dll
0x00007ffa42dd0000 - 0x00007ffa42e8e000 	C:\WINDOWS\System32\KERNEL32.DLL
0x00007ffa422a0000 - 0x00007ffa42568000 	C:\WINDOWS\System32\KERNELBASE.dll
0x00007ffa420a0000 - 0x00007ffa421a0000 	C:\WINDOWS\System32\ucrtbase.dll
0x00007ffa22f40000 - 0x00007ffa22f58000 	C:\Users\Diego\.p2\pool\plugins\org.eclipse.justj.openjdk.hotspot.jre.full.win32.x86_64_16.0.1.v20210528-1205\jre\bin\jli.dll
0x00007ffa21ca0000 - 0x00007ffa21cb9000 	C:\Users\Diego\.p2\pool\plugins\org.eclipse.justj.openjdk.hotspot.jre.full.win32.x86_64_16.0.1.v20210528-1205\jre\bin\VCRUNTIME140.dll
0x00007ffa42c30000 - 0x00007ffa42dd0000 	C:\WINDOWS\System32\USER32.dll
0x00007ffa3be90000 - 0x00007ffa3c12a000 	C:\WINDOWS\WinSxS\amd64_microsoft.windows.common-controls_6595b64144ccf1df_6.0.19041.1110_none_60b5254171f9507e\COMCTL32.dll
0x00007ffa42270000 - 0x00007ffa42292000 	C:\WINDOWS\System32\win32u.dll
0x00007ffa43a20000 - 0x00007ffa43a4a000 	C:\WINDOWS\System32\GDI32.dll
0x00007ffa43480000 - 0x00007ffa4351e000 	C:\WINDOWS\System32\msvcrt.dll
0x00007ffa42880000 - 0x00007ffa4298b000 	C:\WINDOWS\System32\gdi32full.dll
0x00007ffa421a0000 - 0x00007ffa4223d000 	C:\WINDOWS\System32\msvcp_win.dll
0x00007ffa429a0000 - 0x00007ffa429d0000 	C:\WINDOWS\System32\IMM32.DLL
0x00007ffa25950000 - 0x00007ffa2595c000 	C:\Users\Diego\.p2\pool\plugins\org.eclipse.justj.openjdk.hotspot.jre.full.win32.x86_64_16.0.1.v20210528-1205\jre\bin\vcruntime140_1.dll
0x00007ffa207e0000 - 0x00007ffa20871000 	C:\Users\Diego\.p2\pool\plugins\org.eclipse.justj.openjdk.hotspot.jre.full.win32.x86_64_16.0.1.v20210528-1205\jre\bin\msvcp140.dll
0x00007ff9ee930000 - 0x00007ff9ef4db000 	C:\Users\Diego\.p2\pool\plugins\org.eclipse.justj.openjdk.hotspot.jre.full.win32.x86_64_16.0.1.v20210528-1205\jre\bin\server\jvm.dll
0x00007ffa429d0000 - 0x00007ffa42a7e000 	C:\WINDOWS\System32\ADVAPI32.dll
0x00007ffa43330000 - 0x00007ffa433cc000 	C:\WINDOWS\System32\sechost.dll
0x00007ffa436d0000 - 0x00007ffa437f5000 	C:\WINDOWS\System32\RPCRT4.dll
0x00007ffa42990000 - 0x00007ffa42998000 	C:\WINDOWS\System32\PSAPI.DLL
0x00007ffa3c450000 - 0x00007ffa3c45a000 	C:\WINDOWS\SYSTEM32\VERSION.dll
0x00007ffa3c420000 - 0x00007ffa3c447000 	C:\WINDOWS\SYSTEM32\WINMM.dll
0x00007ffa29960000 - 0x00007ffa29969000 	C:\WINDOWS\SYSTEM32\WSOCK32.dll
0x00007ffa439b0000 - 0x00007ffa43a1b000 	C:\WINDOWS\System32\WS2_32.dll
0x00007ffa3ff60000 - 0x00007ffa3ff72000 	C:\WINDOWS\SYSTEM32\kernel.appcore.dll
0x00007ffa29930000 - 0x00007ffa2993a000 	C:\Users\Diego\.p2\pool\plugins\org.eclipse.justj.openjdk.hotspot.jre.full.win32.x86_64_16.0.1.v20210528-1205\jre\bin\jimage.dll
0x00007ffa32a40000 - 0x00007ffa32c24000 	C:\WINDOWS\SYSTEM32\DBGHELP.DLL
0x00007ffa33210000 - 0x00007ffa3323c000 	C:\WINDOWS\SYSTEM32\dbgcore.DLL
0x00007ffa42620000 - 0x00007ffa426a2000 	C:\WINDOWS\System32\bcryptPrimitives.dll
0x00007ffa20310000 - 0x00007ffa2034b000 	C:\Users\Diego\.p2\pool\plugins\org.eclipse.justj.openjdk.hotspot.jre.full.win32.x86_64_16.0.1.v20210528-1205\jre\bin\jdwp.dll
0x00007ffa39e60000 - 0x00007ffa39e6e000 	C:\Users\Diego\.p2\pool\plugins\org.eclipse.justj.openjdk.hotspot.jre.full.win32.x86_64_16.0.1.v20210528-1205\jre\bin\instrument.dll
0x00007ffa25f60000 - 0x00007ffa25f85000 	C:\Users\Diego\.p2\pool\plugins\org.eclipse.justj.openjdk.hotspot.jre.full.win32.x86_64_16.0.1.v20210528-1205\jre\bin\java.dll
0x00007ffa29860000 - 0x00007ffa29878000 	C:\Users\Diego\.p2\pool\plugins\org.eclipse.justj.openjdk.hotspot.jre.full.win32.x86_64_16.0.1.v20210528-1205\jre\bin\zip.dll
0x00007ffa43bf0000 - 0x00007ffa44334000 	C:\WINDOWS\System32\SHELL32.dll
0x00007ffa40160000 - 0x00007ffa408f4000 	C:\WINDOWS\SYSTEM32\windows.storage.dll
0x00007ffa42e90000 - 0x00007ffa431e4000 	C:\WINDOWS\System32\combase.dll
0x00007ffa41ac0000 - 0x00007ffa41aec000 	C:\WINDOWS\SYSTEM32\Wldp.dll
0x00007ffa433d0000 - 0x00007ffa4347d000 	C:\WINDOWS\System32\SHCORE.dll
0x00007ffa43b90000 - 0x00007ffa43be5000 	C:\WINDOWS\System32\shlwapi.dll
0x00007ffa41f90000 - 0x00007ffa41faf000 	C:\WINDOWS\SYSTEM32\profapi.dll
0x00007ffa29b30000 - 0x00007ffa29b3c000 	C:\Users\Diego\.p2\pool\plugins\org.eclipse.justj.openjdk.hotspot.jre.full.win32.x86_64_16.0.1.v20210528-1205\jre\bin\dt_socket.dll
0x00007ffa414c0000 - 0x00007ffa414fb000 	C:\WINDOWS\SYSTEM32\IPHLPAPI.DLL
0x00007ffa41820000 - 0x00007ffa4188a000 	C:\WINDOWS\system32\mswsock.dll
0x00007ffa41510000 - 0x00007ffa415db000 	C:\WINDOWS\SYSTEM32\DNSAPI.dll
0x00007ffa43320000 - 0x00007ffa43328000 	C:\WINDOWS\System32\NSI.dll
0x00007ffa3b520000 - 0x00007ffa3b52a000 	C:\Windows\System32\rasadhlp.dll
0x00007ffa36c30000 - 0x00007ffa36caf000 	C:\WINDOWS\System32\fwpuclnt.dll
0x00007ffa42240000 - 0x00007ffa42267000 	C:\WINDOWS\System32\bcrypt.dll
0x00007ffa27940000 - 0x00007ffa27959000 	C:\Users\Diego\.p2\pool\plugins\org.eclipse.justj.openjdk.hotspot.jre.full.win32.x86_64_16.0.1.v20210528-1205\jre\bin\net.dll
0x00007ffa384b0000 - 0x00007ffa385ba000 	C:\WINDOWS\SYSTEM32\WINHTTP.dll
0x00007ffa25c00000 - 0x00007ffa25c13000 	C:\Users\Diego\.p2\pool\plugins\org.eclipse.justj.openjdk.hotspot.jre.full.win32.x86_64_16.0.1.v20210528-1205\jre\bin\nio.dll
0x00007ffa29810000 - 0x00007ffa29820000 	C:\Users\Diego\.p2\pool\plugins\org.eclipse.justj.openjdk.hotspot.jre.full.win32.x86_64_16.0.1.v20210528-1205\jre\bin\verify.dll
0x00007ffa3ce00000 - 0x00007ffa3ce17000 	C:\WINDOWS\SYSTEM32\dhcpcsvc6.DLL
0x00007ffa3cde0000 - 0x00007ffa3cdfd000 	C:\WINDOWS\SYSTEM32\dhcpcsvc.DLL

dbghelp: loaded successfully - version: 4.0.5 - missing functions: none
symbol engine: initialized successfully - sym options: 0x614 - pdb path: .;C:\Users\Diego\.p2\pool\plugins\org.eclipse.justj.openjdk.hotspot.jre.full.win32.x86_64_16.0.1.v20210528-1205\jre\bin;C:\WINDOWS\SYSTEM32;C:\WINDOWS\WinSxS\amd64_microsoft.windows.common-controls_6595b64144ccf1df_6.0.19041.1110_none_60b5254171f9507e;C:\Users\Diego\.p2\pool\plugins\org.eclipse.justj.openjdk.hotspot.jre.full.win32.x86_64_16.0.1.v20210528-1205\jre\bin\server

VM Arguments:
jvm_args: -XX:+ShowCodeDetailsInExceptionMessages -agentlib:jdwp=transport=dt_socket,suspend=y,address=localhost:59642 -ea -javaagent:C:\Users\Diego\eclipse\jee-2021-06\eclipse\configuration\org.eclipse.osgi\1157\0\.cp\lib\javaagent-shaded.jar -Dfile.encoding=UTF-8 
java_command: org.eclipse.jdt.internal.junit.runner.RemoteTestRunner -version 3 -port 59641 -testLoaderClass org.eclipse.jdt.internal.junit4.runner.JUnit4TestLoader -loaderpluginname org.eclipse.jdt.junit4.runtime -test lagigante.CategoriaTest:test
java_class_path (initial): C:\Users\Diego\Programacion\Java\lagigante\target\test-classes;C:\Users\Diego\Programacion\Java\lagigante\target\classes;C:\Users\Diego\.m2\repository\junit\junit\4.11\junit-4.11-sources.jar;C:\Users\Diego\.m2\repository\junit\junit\4.11\junit-4.11.jar;C:\Users\Diego\.m2\repository\org\hamcrest\hamcrest-core\1.3\hamcrest-core-1.3.jar;C:\Users\Diego\.m2\repository\org\xerial\sqlite-jdbc\3.36.0.3\sqlite-jdbc-3.36.0.3.jar;C:\Users\Diego\.m2\repository\jakarta\servlet\jakarta.servlet-api\5.0.0\jakarta.servlet-api-5.0.0.jar;C:\Users\Diego\.m2\repository\org\glassfish\web\jakarta.servlet.jsp.jstl\2.0.0\jakarta.servlet.jsp.jstl-2.0.0.jar;C:\Users\Diego\.m2\repository\jakarta\servlet\jsp\jstl\jakarta.servlet.jsp.jstl-api\2.0.0\jakarta.servlet.jsp.jstl-api-2.0.0.jar;C:\Users\Diego\.m2\repository\jakarta\el\jakarta.el-api\4.0.0\jakarta.el-api-4.0.0.jar;C:\Users\Diego\.m2\repository\jakarta\xml\bind\jakarta.xml.bind-api\3.0.0\jakarta.xml.bind-api-3.0.0.jar;C:\Users\Diego\.m2\repository\com\sun\activation\jakarta.activation\2.0.0\jakarta.activation-2.0.0.jar;C:\Users\Diego\.m2\repository\org\apache\tomcat\tomcat-el-api\10.0.10\tomcat-el-api-10.0.10.jar;C:\Users\Diego\.m2\repository\org\mindrot\jbcrypt\0.4\jbcrypt-0.4.jar;C:\Users\Diego\eclipse\jee-2021-06\eclipse\configuration\org.eclipse.osgi\413\0\.cp;C:\Users\Diego\eclipse\jee-2021-06\eclipse\configuration\org.eclipse.osgi\1156\0\.cp
Launcher Type: SUN_STANDARD

[Global flags]
     intx CICompilerCount                          = 4                                         {product} {ergonomic}
     uint ConcGCThreads                            = 3                                         {product} {ergonomic}
     uint G1ConcRefinementThreads                  = 10                                        {product} {ergonomic}
   size_t G1HeapRegionSize                         = 4194304                                   {product} {ergonomic}
    uintx GCDrainStackTargetSize                   = 64                                        {product} {ergonomic}
   size_t InitialHeapSize                          = 402653184                                 {product} {ergonomic}
   size_t MarkStackSize                            = 4194304                                   {product} {ergonomic}
   size_t MaxHeapSize                              = 6429868032                                {product} {ergonomic}
   size_t MaxNewSize                               = 3854565376                                {product} {ergonomic}
   size_t MinHeapDeltaBytes                        = 4194304                                   {product} {ergonomic}
   size_t MinHeapSize                              = 8388608                                   {product} {ergonomic}
    uintx NonNMethodCodeHeapSize                   = 5839372                                {pd product} {ergonomic}
    uintx NonProfiledCodeHeapSize                  = 122909434                              {pd product} {ergonomic}
    uintx ProfiledCodeHeapSize                     = 122909434                              {pd product} {ergonomic}
    uintx ReservedCodeCacheSize                    = 251658240                              {pd product} {ergonomic}
     bool SegmentedCodeCache                       = true                                      {product} {ergonomic}
     bool ShowCodeDetailsInExceptionMessages       = true                                   {manageable} {command line}
   size_t SoftMaxHeapSize                          = 6429868032                             {manageable} {ergonomic}
     bool UseCompressedClassPointers               = true                           {product lp64_product} {ergonomic}
     bool UseCompressedOops                        = true                           {product lp64_product} {ergonomic}
     bool UseG1GC                                  = true                                      {product} {ergonomic}
     bool UseLargePagesIndividualAllocation        = false                                  {pd product} {ergonomic}

Logging:
Log output configuration:
 #0: stdout all=warning uptime,level,tags
 #1: stderr all=off uptime,level,tags

Environment Variables:
PATH=C:\Users\Diego\.p2\pool\plugins\org.eclipse.justj.openjdk.hotspot.jre.full.win32.x86_64_16.0.1.v20210528-1205\jre\bin;C:/Users/Diego/.p2/pool/plugins/org.eclipse.justj.openjdk.hotspot.jre.full.win32.x86_64_16.0.1.v20210528-1205/jre/bin/server;C:/Users/Diego/.p2/pool/plugins/org.eclipse.justj.openjdk.hotspot.jre.full.win32.x86_64_16.0.1.v20210528-1205/jre/bin;C:\Python310\Scripts\;C:\Python310\;C:\Program Files\Common Files\Oracle\Java\javapath;C:\Python39\Scripts\;C:\Python39\;C:\Windows\system32;C:\Windows;C:\Windows\System32\Wbem;C:\Windows\System32\WindowsPowerShell\v1.0\;C:\Windows\System32\OpenSSH\;C:\Program Files\NVIDIA Corporation\NVIDIA NvDLISR;C:\Program Files (x86)\NVIDIA Corporation\PhysX\Common;C:\WINDOWS\system32;C:\WINDOWS;C:\WINDOWS\System32\Wbem;C:\WINDOWS\System32\WindowsPowerShell\v1.0\;C:\WINDOWS\System32\OpenSSH\;C:\ProgramData\chocolatey\bin;C:\Program Files\Git\cmd;C:\Program Files\nodejs\;C:\Program Files (x86)\Windows Kits\8.0\Windows Performance Toolkit\;C:\Users\Diego\AppData\Local\Microsoft\WindowsApps;C:\Users\Diego\AppData\Local\Programs\Microsoft VS Code\bin;C:\Users\Diego\AppData\Local\GitHubDesktop\bin;C:\Users\Diego\AppData\Local\Hyper\app-3.0.2\resources\bin;C:\Users\Diego\AppData\Local\Programs\Hyper\resources\bin;C:\Users\Diego\AppData\Roaming\npm;C:\WINDOWS\system32;
USERNAME=Diego
OS=Windows_NT
PROCESSOR_IDENTIFIER=AMD64 Family 23 Model 8 Stepping 2, AuthenticAMD



---------------  S Y S T E M  ---------------

OS:
 Windows 10 , 64 bit Build 19041 (10.0.19041.1645)
OS uptime: 7 days 12:09 hours

CPU: total 12 (initial active 12) (12 cores per cpu, 2 threads per core) family 23 model 8 stepping 2 microcode 0x0, cx8, cmov, fxsr, ht, mmx, 3dnowpref, sse, sse2, sse3, ssse3, sse4a, sse4.1, sse4.2, popcnt, lzcnt, tsc, tscinvbit, avx, avx2, aes, clmul, bmi1, bmi2, adx, sha, fma, vzeroupper, clflush, clflushopt

Memory: 4k page, system-wide physical 24526M (13291M free)
TotalPageFile size 28110M (AvailPageFile size 7021M)
current process WorkingSet (physical memory assigned to process): 57M, peak: 64M
current process commit charge ("private bytes"): 484M, peak: 491M

vm_info: OpenJDK 64-Bit Server VM (16.0.1+9-24) for windows-amd64 JRE (16.0.1+9-24), built on Mar 26 2021 19:30:07 by "mach5one" with MS VC++ 16.7 (VS2019)

END.
